[2021-01-07 08:41:33.917] [exthost] [info] extension host started
[2021-01-07 08:41:33.960] [exthost] [info] ExtensionService#_doActivateExtension vscode.debug-auto-launch {"startup":true,"extensionId":{"value":"vscode.debug-auto-launch","_lower":"vscode.debug-auto-launch"},"activationEvent":"*"}
[2021-01-07 08:41:33.961] [exthost] [info] ExtensionService#loadCommonJSModule file:///home/ubuntu/.vscode-server/bin/ea3859d4ba2f3e577a159bc91e3074c5d85c0523/extensions/debug-auto-launch/dist/extension
[2021-01-07 08:41:33.965] [exthost] [info] ExtensionService#_doActivateExtension vscode.emmet {"startup":true,"extensionId":{"value":"vscode.emmet","_lower":"vscode.emmet"},"activationEvent":"*"}
[2021-01-07 08:41:33.966] [exthost] [info] ExtensionService#loadCommonJSModule file:///home/ubuntu/.vscode-server/bin/ea3859d4ba2f3e577a159bc91e3074c5d85c0523/extensions/emmet/dist/node/emmetNodeMain
[2021-01-07 08:41:33.991] [exthost] [info] ExtensionService#_doActivateExtension vscode.git {"startup":true,"extensionId":{"value":"vscode.github","_lower":"vscode.github"},"activationEvent":"*"}
[2021-01-07 08:41:33.992] [exthost] [info] ExtensionService#loadCommonJSModule file:///home/ubuntu/.vscode-server/bin/ea3859d4ba2f3e577a159bc91e3074c5d85c0523/extensions/git/dist/main
[2021-01-07 08:41:34.030] [exthost] [info] ExtensionService#_doActivateExtension vscode.merge-conflict {"startup":true,"extensionId":{"value":"vscode.merge-conflict","_lower":"vscode.merge-conflict"},"activationEvent":"*"}
[2021-01-07 08:41:34.030] [exthost] [info] ExtensionService#loadCommonJSModule file:///home/ubuntu/.vscode-server/bin/ea3859d4ba2f3e577a159bc91e3074c5d85c0523/extensions/merge-conflict/dist/mergeConflictMain
[2021-01-07 08:41:34.037] [exthost] [info] ExtensionService#_doActivateExtension vscode.search-result {"startup":true,"extensionId":{"value":"vscode.search-result","_lower":"vscode.search-result"},"activationEvent":"*"}
[2021-01-07 08:41:34.037] [exthost] [info] ExtensionService#loadCommonJSModule file:///home/ubuntu/.vscode-server/bin/ea3859d4ba2f3e577a159bc91e3074c5d85c0523/extensions/search-result/dist/extension.js
[2021-01-07 08:41:34.038] [exthost] [info] ExtensionService#_doActivateExtension chenxsan.vscode-standardjs {"startup":true,"extensionId":{"value":"chenxsan.vscode-standardjs","_lower":"chenxsan.vscode-standardjs"},"activationEvent":"*"}
[2021-01-07 08:41:34.038] [exthost] [info] ExtensionService#loadCommonJSModule file:///home/ubuntu/.vscode-server/extensions/chenxsan.vscode-standardjs-1.4.0/client/out/extension
[2021-01-07 08:41:34.191] [exthost] [info] ExtensionService#_doActivateExtension vscode.github {"startup":true,"extensionId":{"value":"vscode.github","_lower":"vscode.github"},"activationEvent":"*"}
[2021-01-07 08:41:34.191] [exthost] [info] ExtensionService#loadCommonJSModule file:///home/ubuntu/.vscode-server/bin/ea3859d4ba2f3e577a159bc91e3074c5d85c0523/extensions/github/dist/extension.js
[2021-01-07 08:41:34.218] [exthost] [info] ExtensionService#_doActivateExtension ms-vscode.js-debug {"startup":false,"extensionId":{"value":"ms-vscode.js-debug","_lower":"ms-vscode.js-debug"},"activationEvent":"onCommand:extension.js-debug.clearAutoAttachVariables"}
[2021-01-07 08:41:34.218] [exthost] [info] ExtensionService#loadCommonJSModule file:///home/ubuntu/.vscode-server/bin/ea3859d4ba2f3e577a159bc91e3074c5d85c0523/extensions/ms-vscode.js-debug/src/extension.js
[2021-01-07 08:41:34.342] [exthost] [info] ExtensionService#_doActivateExtension ms-vscode.js-debug-nightly {"startup":false,"extensionId":{"value":"ms-vscode.js-debug-nightly","_lower":"ms-vscode.js-debug-nightly"},"activationEvent":"onCommand:extension.js-debug.clearAutoAttachVariables"}
[2021-01-07 08:41:34.342] [exthost] [info] ExtensionService#loadCommonJSModule file:///home/ubuntu/.vscode-server/extensions/ms-vscode.js-debug-nightly-2021.1.417/src/extension.js
[2021-01-07 08:41:34.456] [exthost] [info] eager extensions activated
[2021-01-07 08:41:34.530] [exthost] [error] Activating extension ms-vscode.js-debug-nightly failed due to an error:
[2021-01-07 08:41:34.533] [exthost] [error] Error: command 'extension.pwa-node-debug.npmScript' already exists
	at _.registerCommand (/home/ubuntu/.vscode-server/bin/ea3859d4ba2f3e577a159bc91e3074c5d85c0523/out/vs/server/remoteExtensionHostProcess.js:723:970)
	at Object.registerCommand (/home/ubuntu/.vscode-server/bin/ea3859d4ba2f3e577a159bc91e3074c5d85c0523/out/vs/server/remoteExtensionHostProcess.js:1044:634)
	at Object.t.registerCommand (/home/ubuntu/.vscode-server/extensions/ms-vscode.js-debug-nightly-2021.1.417/src/extension.js:1:37024)
	at t.activate (/home/ubuntu/.vscode-server/extensions/ms-vscode.js-debug-nightly-2021.1.417/src/extension.js:7:327030)
	at Function._callActivateOptional (/home/ubuntu/.vscode-server/bin/ea3859d4ba2f3e577a159bc91e3074c5d85c0523/out/vs/server/remoteExtensionHostProcess.js:984:773)
	at Function._callActivate (/home/ubuntu/.vscode-server/bin/ea3859d4ba2f3e577a159bc91e3074c5d85c0523/out/vs/server/remoteExtensionHostProcess.js:984:424)
	at /home/ubuntu/.vscode-server/bin/ea3859d4ba2f3e577a159bc91e3074c5d85c0523/out/vs/server/remoteExtensionHostProcess.js:982:841
	at processTicksAndRejections (internal/process/task_queues.js:94:5)
	at async Promise.all (index 1)
[2021-01-07 10:24:03.752] [exthost] [info] ExtensionService#_doActivateExtension vscode.configuration-editing {"startup":false,"extensionId":{"value":"vscode.configuration-editing","_lower":"vscode.configuration-editing"},"activationEvent":"onLanguage:json"}
[2021-01-07 10:24:03.752] [exthost] [info] ExtensionService#loadCommonJSModule file:///home/ubuntu/.vscode-server/bin/ea3859d4ba2f3e577a159bc91e3074c5d85c0523/extensions/configuration-editing/dist/configurationEditingMain
[2021-01-07 10:24:03.760] [exthost] [info] ExtensionService#_doActivateExtension vscode.extension-editing {"startup":false,"extensionId":{"value":"vscode.extension-editing","_lower":"vscode.extension-editing"},"activationEvent":"onLanguage:json"}
[2021-01-07 10:24:03.760] [exthost] [info] ExtensionService#loadCommonJSModule file:///home/ubuntu/.vscode-server/bin/ea3859d4ba2f3e577a159bc91e3074c5d85c0523/extensions/extension-editing/dist/extensionEditingMain
[2021-01-07 10:24:03.768] [exthost] [info] ExtensionService#_doActivateExtension vscode.json-language-features {"startup":false,"extensionId":{"value":"vscode.json-language-features","_lower":"vscode.json-language-features"},"activationEvent":"onLanguage:json"}
[2021-01-07 10:24:03.768] [exthost] [info] ExtensionService#loadCommonJSModule file:///home/ubuntu/.vscode-server/bin/ea3859d4ba2f3e577a159bc91e3074c5d85c0523/extensions/json-language-features/client/dist/node/jsonClientMain
[2021-01-07 10:24:03.795] [exthost] [info] ExtensionService#_doActivateExtension vscode.npm {"startup":false,"extensionId":{"value":"vscode.npm","_lower":"vscode.npm"},"activationEvent":"onLanguage:json"}
[2021-01-07 10:24:03.797] [exthost] [info] ExtensionService#loadCommonJSModule file:///home/ubuntu/.vscode-server/bin/ea3859d4ba2f3e577a159bc91e3074c5d85c0523/extensions/npm/dist/npmMain
[2021-01-07 10:24:03.816] [exthost] [info] ExtensionService#_doActivateExtension mongodb.mongodb-vscode {"startup":false,"extensionId":{"value":"mongodb.mongodb-vscode","_lower":"mongodb.mongodb-vscode"},"activationEvent":"onLanguage:json"}
[2021-01-07 10:24:03.816] [exthost] [info] ExtensionService#loadCommonJSModule file:///home/ubuntu/.vscode-server/extensions/mongodb.mongodb-vscode-0.3.0/dist/extension.js
[2021-01-07 10:26:11.570] [exthost] [info] ExtensionService#_doActivateExtension vscode.typescript-language-features {"startup":false,"extensionId":{"value":"vscode.typescript-language-features","_lower":"vscode.typescript-language-features"},"activationEvent":"onLanguage:javascript"}
[2021-01-07 10:26:11.571] [exthost] [info] ExtensionService#loadCommonJSModule file:///home/ubuntu/.vscode-server/bin/ea3859d4ba2f3e577a159bc91e3074c5d85c0523/extensions/typescript-language-features/dist/extension
[2021-01-07 10:26:11.597] [exthost] [info] ExtensionService#_doActivateExtension bagonaut.mongogo {"startup":false,"extensionId":{"value":"bagonaut.mongogo","_lower":"bagonaut.mongogo"},"activationEvent":"onLanguage:javascript"}
[2021-01-07 10:26:11.597] [exthost] [info] ExtensionService#loadCommonJSModule file:///home/ubuntu/.vscode-server/extensions/bagonaut.mongogo-0.1.2/out/src/extension
[2021-01-07 10:26:11.599] [exthost] [info] ExtensionService#_doActivateExtension mgmcdermott.vscode-language-babel {"startup":false,"extensionId":{"value":"mgmcdermott.vscode-language-babel","_lower":"mgmcdermott.vscode-language-babel"},"activationEvent":"onLanguage:javascript"}
[2021-01-07 10:26:11.599] [exthost] [info] ExtensionService#loadCommonJSModule file:///home/ubuntu/.vscode-server/extensions/mgmcdermott.vscode-language-babel-0.0.30/dist/extension
[2021-01-07 10:26:11.600] [exthost] [info] ExtensionService#_doActivateExtension sburg.vscode-javascript-booster {"startup":false,"extensionId":{"value":"sburg.vscode-javascript-booster","_lower":"sburg.vscode-javascript-booster"},"activationEvent":"onLanguage:javascript"}
[2021-01-07 10:26:11.600] [exthost] [info] ExtensionService#loadCommonJSModule file:///home/ubuntu/.vscode-server/extensions/sburg.vscode-javascript-booster-14.0.1/dist/extension
[2021-01-07 10:26:11.613] [exthost] [info] ExtensionService#_doActivateExtension Wscats.eno {"startup":false,"extensionId":{"value":"Wscats.eno","_lower":"wscats.eno"},"activationEvent":"onLanguage:javascript"}
[2021-01-07 10:26:11.613] [exthost] [info] ExtensionService#loadCommonJSModule file:///home/ubuntu/.vscode-server/extensions/wscats.eno-2.3.53/out/extension.js
[2021-01-07 11:15:48.718] [exthost] [error] [vscode.typescript-language-features] provider FAILED
[2021-01-07 11:15:48.719] [exthost] [error] Error: <semantic> TypeScript Server Error (4.2.0-dev.20210106)
Cannot read property '0' of undefined
TypeError: Cannot read property '0' of undefined
    at getModuleSpecifierExpression (/home/ubuntu/.vscode-server/extensions/ms-vscode.vscode-typescript-next-4.2.20210106/node_modules/typescript/lib/tsserver.js:127302:93)
    at compareImportsOrRequireStatements (/home/ubuntu/.vscode-server/extensions/ms-vscode.vscode-typescript-next-4.2.20210106/node_modules/typescript/lib/tsserver.js:127324:78)
    at Object.arrayIsSorted (/home/ubuntu/.vscode-server/extensions/ms-vscode.vscode-typescript-next-4.2.20210106/node_modules/typescript/lib/tsserver.js:880:17)
    at Object.importsAreSorted (/home/ubuntu/.vscode-server/extensions/ms-vscode.vscode-typescript-next-4.2.20210106/node_modules/typescript/lib/tsserver.js:127306:23)
    at Object.insertImports (/home/ubuntu/.vscode-server/extensions/ms-vscode.vscode-typescript-next-4.2.20210106/node_modules/typescript/lib/tsserver.js:116103:65)
    at codeActionForFixWorker (/home/ubuntu/.vscode-server/extensions/ms-vscode.vscode-typescript-next-4.2.20210106/node_modules/typescript/lib/tsserver.js:137782:24)
    at /home/ubuntu/.vscode-server/extensions/ms-vscode.vscode-typescript-next-4.2.20210106/node_modules/typescript/lib/tsserver.js:137758:24
    at Function.ChangeTracker.with (/home/ubuntu/.vscode-server/extensions/ms-vscode.vscode-typescript-next-4.2.20210106/node_modules/typescript/lib/tsserver.js:133652:17)
    at codeActionForFix (/home/ubuntu/.vscode-server/extensions/ms-vscode.vscode-typescript-next-4.2.20210106/node_modules/typescript/lib/tsserver.js:137757:60)
    at Object.getImportCompletionAction (/home/ubuntu/.vscode-server/extensions/ms-vscode.vscode-typescript-next-4.2.20210106/node_modules/typescript/lib/tsserver.js:137349:94)
    at getCompletionEntryCodeActionsAndSourceDisplay (/home/ubuntu/.vscode-server/extensions/ms-vscode.vscode-typescript-next-4.2.20210106/node_modules/typescript/lib/tsserver.js:119463:33)
    at Object.getCompletionEntryDetails (/home/ubuntu/.vscode-server/extensions/ms-vscode.vscode-typescript-next-4.2.20210106/node_modules/typescript/lib/tsserver.js:119427:30)
    at Proxy.getCompletionEntryDetails (/home/ubuntu/.vscode-server/extensions/ms-vscode.vscode-typescript-next-4.2.20210106/node_modules/typescript/lib/tsserver.js:148448:35)
    at /home/ubuntu/.vscode-server/extensions/ms-vscode.vscode-typescript-next-4.2.20210106/node_modules/typescript/lib/tsserver.js:159539:57
    at Object.mapDefined (/home/ubuntu/.vscode-server/extensions/ms-vscode.vscode-typescript-next-4.2.20210106/node_modules/typescript/lib/tsserver.js:612:30)
    at IOSession.Session.getCompletionEntryDetails (/home/ubuntu/.vscode-server/extensions/ms-vscode.vscode-typescript-next-4.2.20210106/node_modules/typescript/lib/tsserver.js:159537:33)
    at Session.handlers.ts.Map.ts.getEntries._a.<computed> (/home/ubuntu/.vscode-server/extensions/ms-vscode.vscode-typescript-next-4.2.20210106/node_modules/typescript/lib/tsserver.js:158398:61)
    at /home/ubuntu/.vscode-server/extensions/ms-vscode.vscode-typescript-next-4.2.20210106/node_modules/typescript/lib/tsserver.js:160143:88
    at IOSession.Session.executeWithRequestId (/home/ubuntu/.vscode-server/extensions/ms-vscode.vscode-typescript-next-4.2.20210106/node_modules/typescript/lib/tsserver.js:160134:28)
    at IOSession.Session.executeCommand (/home/ubuntu/.vscode-server/extensions/ms-vscode.vscode-typescript-next-4.2.20210106/node_modules/typescript/lib/tsserver.js:160143:33)
    at IOSession.Session.onMessage (/home/ubuntu/.vscode-server/extensions/ms-vscode.vscode-typescript-next-4.2.20210106/node_modules/typescript/lib/tsserver.js:160169:35)
    at Interface.<anonymous> (/home/ubuntu/.vscode-server/extensions/ms-vscode.vscode-typescript-next-4.2.20210106/node_modules/typescript/lib/tsserver.js:162821:31)
    at Interface.emit (events.js:223:5)
    at Interface._onLine (readline.js:315:10)
    at Interface._normalWrite (readline.js:460:12)
    at Socket.ondata (readline.js:172:10)
    at Socket.emit (events.js:223:5)
    at addChunk (_stream_readable.js:309:12)
    at readableAddChunk (_stream_readable.js:290:11)
    at Socket.Readable.push (_stream_readable.js:224:10)
    at Pipe.onStreamRead (internal/stream_base_commons.js:181:23)
	at Function.create (/home/ubuntu/.vscode-server/bin/ea3859d4ba2f3e577a159bc91e3074c5d85c0523/extensions/typescript-language-features/dist/extension.js:1:76716)
	at dispatchResponse (/home/ubuntu/.vscode-server/bin/ea3859d4ba2f3e577a159bc91e3074c5d85c0523/extensions/typescript-language-features/dist/extension.js:1:70591)
	at dispatchMessage (/home/ubuntu/.vscode-server/bin/ea3859d4ba2f3e577a159bc91e3074c5d85c0523/extensions/typescript-language-features/dist/extension.js:1:69450)
	at /home/ubuntu/.vscode-server/bin/ea3859d4ba2f3e577a159bc91e3074c5d85c0523/extensions/typescript-language-features/dist/extension.js:1:68960
	at l.fire (/home/ubuntu/.vscode-server/bin/ea3859d4ba2f3e577a159bc91e3074c5d85c0523/out/vs/server/remoteExtensionHostProcess.js:46:801)
	at g.onLengthData (/home/ubuntu/.vscode-server/bin/ea3859d4ba2f3e577a159bc91e3074c5d85c0523/extensions/typescript-language-features/dist/extension.js:45:60018)
	at Socket.<anonymous> (/home/ubuntu/.vscode-server/bin/ea3859d4ba2f3e577a159bc91e3074c5d85c0523/extensions/typescript-language-features/dist/extension.js:45:59666)
	at Socket.emit (events.js:223:5)
	at Socket.EventEmitter.emit (domain.js:475:20)
	at addChunk (_stream_readable.js:309:12)
	at readableAddChunk (_stream_readable.js:290:11)
	at Socket.Readable.push (_stream_readable.js:224:10)
	at Pipe.onStreamRead (internal/stream_base_commons.js:181:23)
[2021-01-07 11:15:48.923] [exthost] [error] [vscode.typescript-language-features] provider FAILED
[2021-01-07 11:15:48.923] [exthost] [error] Error: <semantic> TypeScript Server Error (4.2.0-dev.20210106)
Cannot read property '0' of undefined
TypeError: Cannot read property '0' of undefined
    at getModuleSpecifierExpression (/home/ubuntu/.vscode-server/extensions/ms-vscode.vscode-typescript-next-4.2.20210106/node_modules/typescript/lib/tsserver.js:127302:93)
    at compareImportsOrRequireStatements (/home/ubuntu/.vscode-server/extensions/ms-vscode.vscode-typescript-next-4.2.20210106/node_modules/typescript/lib/tsserver.js:127324:78)
    at Object.arrayIsSorted (/home/ubuntu/.vscode-server/extensions/ms-vscode.vscode-typescript-next-4.2.20210106/node_modules/typescript/lib/tsserver.js:880:17)
    at Object.importsAreSorted (/home/ubuntu/.vscode-server/extensions/ms-vscode.vscode-typescript-next-4.2.20210106/node_modules/typescript/lib/tsserver.js:127306:23)
    at Object.insertImports (/home/ubuntu/.vscode-server/extensions/ms-vscode.vscode-typescript-next-4.2.20210106/node_modules/typescript/lib/tsserver.js:116103:65)
    at codeActionForFixWorker (/home/ubuntu/.vscode-server/extensions/ms-vscode.vscode-typescript-next-4.2.20210106/node_modules/typescript/lib/tsserver.js:137782:24)
    at /home/ubuntu/.vscode-server/extensions/ms-vscode.vscode-typescript-next-4.2.20210106/node_modules/typescript/lib/tsserver.js:137758:24
    at Function.ChangeTracker.with (/home/ubuntu/.vscode-server/extensions/ms-vscode.vscode-typescript-next-4.2.20210106/node_modules/typescript/lib/tsserver.js:133652:17)
    at codeActionForFix (/home/ubuntu/.vscode-server/extensions/ms-vscode.vscode-typescript-next-4.2.20210106/node_modules/typescript/lib/tsserver.js:137757:60)
    at Object.getImportCompletionAction (/home/ubuntu/.vscode-server/extensions/ms-vscode.vscode-typescript-next-4.2.20210106/node_modules/typescript/lib/tsserver.js:137349:94)
    at getCompletionEntryCodeActionsAndSourceDisplay (/home/ubuntu/.vscode-server/extensions/ms-vscode.vscode-typescript-next-4.2.20210106/node_modules/typescript/lib/tsserver.js:119463:33)
    at Object.getCompletionEntryDetails (/home/ubuntu/.vscode-server/extensions/ms-vscode.vscode-typescript-next-4.2.20210106/node_modules/typescript/lib/tsserver.js:119427:30)
    at Proxy.getCompletionEntryDetails (/home/ubuntu/.vscode-server/extensions/ms-vscode.vscode-typescript-next-4.2.20210106/node_modules/typescript/lib/tsserver.js:148448:35)
    at /home/ubuntu/.vscode-server/extensions/ms-vscode.vscode-typescript-next-4.2.20210106/node_modules/typescript/lib/tsserver.js:159539:57
    at Object.mapDefined (/home/ubuntu/.vscode-server/extensions/ms-vscode.vscode-typescript-next-4.2.20210106/node_modules/typescript/lib/tsserver.js:612:30)
    at IOSession.Session.getCompletionEntryDetails (/home/ubuntu/.vscode-server/extensions/ms-vscode.vscode-typescript-next-4.2.20210106/node_modules/typescript/lib/tsserver.js:159537:33)
    at Session.handlers.ts.Map.ts.getEntries._a.<computed> (/home/ubuntu/.vscode-server/extensions/ms-vscode.vscode-typescript-next-4.2.20210106/node_modules/typescript/lib/tsserver.js:158398:61)
    at /home/ubuntu/.vscode-server/extensions/ms-vscode.vscode-typescript-next-4.2.20210106/node_modules/typescript/lib/tsserver.js:160143:88
    at IOSession.Session.executeWithRequestId (/home/ubuntu/.vscode-server/extensions/ms-vscode.vscode-typescript-next-4.2.20210106/node_modules/typescript/lib/tsserver.js:160134:28)
    at IOSession.Session.executeCommand (/home/ubuntu/.vscode-server/extensions/ms-vscode.vscode-typescript-next-4.2.20210106/node_modules/typescript/lib/tsserver.js:160143:33)
    at IOSession.Session.onMessage (/home/ubuntu/.vscode-server/extensions/ms-vscode.vscode-typescript-next-4.2.20210106/node_modules/typescript/lib/tsserver.js:160169:35)
    at Interface.<anonymous> (/home/ubuntu/.vscode-server/extensions/ms-vscode.vscode-typescript-next-4.2.20210106/node_modules/typescript/lib/tsserver.js:162821:31)
    at Interface.emit (events.js:223:5)
    at Interface._onLine (readline.js:315:10)
    at Interface._normalWrite (readline.js:460:12)
    at Socket.ondata (readline.js:172:10)
    at Socket.emit (events.js:223:5)
    at addChunk (_stream_readable.js:309:12)
    at readableAddChunk (_stream_readable.js:290:11)
    at Socket.Readable.push (_stream_readable.js:224:10)
    at Pipe.onStreamRead (internal/stream_base_commons.js:181:23)
	at Function.create (/home/ubuntu/.vscode-server/bin/ea3859d4ba2f3e577a159bc91e3074c5d85c0523/extensions/typescript-language-features/dist/extension.js:1:76716)
	at dispatchResponse (/home/ubuntu/.vscode-server/bin/ea3859d4ba2f3e577a159bc91e3074c5d85c0523/extensions/typescript-language-features/dist/extension.js:1:70591)
	at dispatchMessage (/home/ubuntu/.vscode-server/bin/ea3859d4ba2f3e577a159bc91e3074c5d85c0523/extensions/typescript-language-features/dist/extension.js:1:69450)
	at /home/ubuntu/.vscode-server/bin/ea3859d4ba2f3e577a159bc91e3074c5d85c0523/extensions/typescript-language-features/dist/extension.js:1:68960
	at l.fire (/home/ubuntu/.vscode-server/bin/ea3859d4ba2f3e577a159bc91e3074c5d85c0523/out/vs/server/remoteExtensionHostProcess.js:46:801)
	at g.onLengthData (/home/ubuntu/.vscode-server/bin/ea3859d4ba2f3e577a159bc91e3074c5d85c0523/extensions/typescript-language-features/dist/extension.js:45:60018)
	at Socket.<anonymous> (/home/ubuntu/.vscode-server/bin/ea3859d4ba2f3e577a159bc91e3074c5d85c0523/extensions/typescript-language-features/dist/extension.js:45:59666)
	at Socket.emit (events.js:223:5)
	at Socket.EventEmitter.emit (domain.js:475:20)
	at addChunk (_stream_readable.js:309:12)
	at readableAddChunk (_stream_readable.js:290:11)
	at Socket.Readable.push (_stream_readable.js:224:10)
	at Pipe.onStreamRead (internal/stream_base_commons.js:181:23)
[2021-01-07 11:19:47.086] [exthost] [error] [vscode.typescript-language-features] provider FAILED
[2021-01-07 11:19:47.087] [exthost] [error] Error: <semantic> TypeScript Server Error (4.2.0-dev.20210106)
Cannot read property '0' of undefined
TypeError: Cannot read property '0' of undefined
    at getModuleSpecifierExpression (/home/ubuntu/.vscode-server/extensions/ms-vscode.vscode-typescript-next-4.2.20210106/node_modules/typescript/lib/tsserver.js:127302:93)
    at compareImportsOrRequireStatements (/home/ubuntu/.vscode-server/extensions/ms-vscode.vscode-typescript-next-4.2.20210106/node_modules/typescript/lib/tsserver.js:127324:78)
    at Object.arrayIsSorted (/home/ubuntu/.vscode-server/extensions/ms-vscode.vscode-typescript-next-4.2.20210106/node_modules/typescript/lib/tsserver.js:880:17)
    at Object.importsAreSorted (/home/ubuntu/.vscode-server/extensions/ms-vscode.vscode-typescript-next-4.2.20210106/node_modules/typescript/lib/tsserver.js:127306:23)
    at Object.insertImports (/home/ubuntu/.vscode-server/extensions/ms-vscode.vscode-typescript-next-4.2.20210106/node_modules/typescript/lib/tsserver.js:116103:65)
    at codeActionForFixWorker (/home/ubuntu/.vscode-server/extensions/ms-vscode.vscode-typescript-next-4.2.20210106/node_modules/typescript/lib/tsserver.js:137782:24)
    at /home/ubuntu/.vscode-server/extensions/ms-vscode.vscode-typescript-next-4.2.20210106/node_modules/typescript/lib/tsserver.js:137758:24
    at Function.ChangeTracker.with (/home/ubuntu/.vscode-server/extensions/ms-vscode.vscode-typescript-next-4.2.20210106/node_modules/typescript/lib/tsserver.js:133652:17)
    at codeActionForFix (/home/ubuntu/.vscode-server/extensions/ms-vscode.vscode-typescript-next-4.2.20210106/node_modules/typescript/lib/tsserver.js:137757:60)
    at Object.getImportCompletionAction (/home/ubuntu/.vscode-server/extensions/ms-vscode.vscode-typescript-next-4.2.20210106/node_modules/typescript/lib/tsserver.js:137349:94)
    at getCompletionEntryCodeActionsAndSourceDisplay (/home/ubuntu/.vscode-server/extensions/ms-vscode.vscode-typescript-next-4.2.20210106/node_modules/typescript/lib/tsserver.js:119463:33)
    at Object.getCompletionEntryDetails (/home/ubuntu/.vscode-server/extensions/ms-vscode.vscode-typescript-next-4.2.20210106/node_modules/typescript/lib/tsserver.js:119427:30)
    at Proxy.getCompletionEntryDetails (/home/ubuntu/.vscode-server/extensions/ms-vscode.vscode-typescript-next-4.2.20210106/node_modules/typescript/lib/tsserver.js:148448:35)
    at /home/ubuntu/.vscode-server/extensions/ms-vscode.vscode-typescript-next-4.2.20210106/node_modules/typescript/lib/tsserver.js:159539:57
    at Object.mapDefined (/home/ubuntu/.vscode-server/extensions/ms-vscode.vscode-typescript-next-4.2.20210106/node_modules/typescript/lib/tsserver.js:612:30)
    at IOSession.Session.getCompletionEntryDetails (/home/ubuntu/.vscode-server/extensions/ms-vscode.vscode-typescript-next-4.2.20210106/node_modules/typescript/lib/tsserver.js:159537:33)
    at Session.handlers.ts.Map.ts.getEntries._a.<computed> (/home/ubuntu/.vscode-server/extensions/ms-vscode.vscode-typescript-next-4.2.20210106/node_modules/typescript/lib/tsserver.js:158398:61)
    at /home/ubuntu/.vscode-server/extensions/ms-vscode.vscode-typescript-next-4.2.20210106/node_modules/typescript/lib/tsserver.js:160143:88
    at IOSession.Session.executeWithRequestId (/home/ubuntu/.vscode-server/extensions/ms-vscode.vscode-typescript-next-4.2.20210106/node_modules/typescript/lib/tsserver.js:160134:28)
    at IOSession.Session.executeCommand (/home/ubuntu/.vscode-server/extensions/ms-vscode.vscode-typescript-next-4.2.20210106/node_modules/typescript/lib/tsserver.js:160143:33)
    at IOSession.Session.onMessage (/home/ubuntu/.vscode-server/extensions/ms-vscode.vscode-typescript-next-4.2.20210106/node_modules/typescript/lib/tsserver.js:160169:35)
    at Interface.<anonymous> (/home/ubuntu/.vscode-server/extensions/ms-vscode.vscode-typescript-next-4.2.20210106/node_modules/typescript/lib/tsserver.js:162821:31)
    at Interface.emit (events.js:223:5)
    at Interface._onLine (readline.js:315:10)
    at Interface._normalWrite (readline.js:460:12)
    at Socket.ondata (readline.js:172:10)
    at Socket.emit (events.js:223:5)
    at addChunk (_stream_readable.js:309:12)
    at readableAddChunk (_stream_readable.js:290:11)
    at Socket.Readable.push (_stream_readable.js:224:10)
    at Pipe.onStreamRead (internal/stream_base_commons.js:181:23)
	at Function.create (/home/ubuntu/.vscode-server/bin/ea3859d4ba2f3e577a159bc91e3074c5d85c0523/extensions/typescript-language-features/dist/extension.js:1:76716)
	at dispatchResponse (/home/ubuntu/.vscode-server/bin/ea3859d4ba2f3e577a159bc91e3074c5d85c0523/extensions/typescript-language-features/dist/extension.js:1:70591)
	at dispatchMessage (/home/ubuntu/.vscode-server/bin/ea3859d4ba2f3e577a159bc91e3074c5d85c0523/extensions/typescript-language-features/dist/extension.js:1:69450)
	at /home/ubuntu/.vscode-server/bin/ea3859d4ba2f3e577a159bc91e3074c5d85c0523/extensions/typescript-language-features/dist/extension.js:1:68960
	at l.fire (/home/ubuntu/.vscode-server/bin/ea3859d4ba2f3e577a159bc91e3074c5d85c0523/out/vs/server/remoteExtensionHostProcess.js:46:801)
	at g.onLengthData (/home/ubuntu/.vscode-server/bin/ea3859d4ba2f3e577a159bc91e3074c5d85c0523/extensions/typescript-language-features/dist/extension.js:45:60018)
	at Socket.<anonymous> (/home/ubuntu/.vscode-server/bin/ea3859d4ba2f3e577a159bc91e3074c5d85c0523/extensions/typescript-language-features/dist/extension.js:45:59666)
	at Socket.emit (events.js:223:5)
	at Socket.EventEmitter.emit (domain.js:475:20)
	at addChunk (_stream_readable.js:309:12)
	at readableAddChunk (_stream_readable.js:290:11)
	at Socket.Readable.push (_stream_readable.js:224:10)
	at Pipe.onStreamRead (internal/stream_base_commons.js:181:23)
[2021-01-07 11:20:32.985] [exthost] [error] [vscode.typescript-language-features] provider FAILED
[2021-01-07 11:20:32.986] [exthost] [error] Error: <semantic> TypeScript Server Error (4.2.0-dev.20210106)
Cannot read property '0' of undefined
TypeError: Cannot read property '0' of undefined
    at getModuleSpecifierExpression (/home/ubuntu/.vscode-server/extensions/ms-vscode.vscode-typescript-next-4.2.20210106/node_modules/typescript/lib/tsserver.js:127302:93)
    at compareImportsOrRequireStatements (/home/ubuntu/.vscode-server/extensions/ms-vscode.vscode-typescript-next-4.2.20210106/node_modules/typescript/lib/tsserver.js:127324:78)
    at Object.arrayIsSorted (/home/ubuntu/.vscode-server/extensions/ms-vscode.vscode-typescript-next-4.2.20210106/node_modules/typescript/lib/tsserver.js:880:17)
    at Object.importsAreSorted (/home/ubuntu/.vscode-server/extensions/ms-vscode.vscode-typescript-next-4.2.20210106/node_modules/typescript/lib/tsserver.js:127306:23)
    at Object.insertImports (/home/ubuntu/.vscode-server/extensions/ms-vscode.vscode-typescript-next-4.2.20210106/node_modules/typescript/lib/tsserver.js:116103:65)
    at codeActionForFixWorker (/home/ubuntu/.vscode-server/extensions/ms-vscode.vscode-typescript-next-4.2.20210106/node_modules/typescript/lib/tsserver.js:137782:24)
    at /home/ubuntu/.vscode-server/extensions/ms-vscode.vscode-typescript-next-4.2.20210106/node_modules/typescript/lib/tsserver.js:137758:24
    at Function.ChangeTracker.with (/home/ubuntu/.vscode-server/extensions/ms-vscode.vscode-typescript-next-4.2.20210106/node_modules/typescript/lib/tsserver.js:133652:17)
    at codeActionForFix (/home/ubuntu/.vscode-server/extensions/ms-vscode.vscode-typescript-next-4.2.20210106/node_modules/typescript/lib/tsserver.js:137757:60)
    at Object.getImportCompletionAction (/home/ubuntu/.vscode-server/extensions/ms-vscode.vscode-typescript-next-4.2.20210106/node_modules/typescript/lib/tsserver.js:137349:94)
    at getCompletionEntryCodeActionsAndSourceDisplay (/home/ubuntu/.vscode-server/extensions/ms-vscode.vscode-typescript-next-4.2.20210106/node_modules/typescript/lib/tsserver.js:119463:33)
    at Object.getCompletionEntryDetails (/home/ubuntu/.vscode-server/extensions/ms-vscode.vscode-typescript-next-4.2.20210106/node_modules/typescript/lib/tsserver.js:119427:30)
    at Proxy.getCompletionEntryDetails (/home/ubuntu/.vscode-server/extensions/ms-vscode.vscode-typescript-next-4.2.20210106/node_modules/typescript/lib/tsserver.js:148448:35)
    at /home/ubuntu/.vscode-server/extensions/ms-vscode.vscode-typescript-next-4.2.20210106/node_modules/typescript/lib/tsserver.js:159539:57
    at Object.mapDefined (/home/ubuntu/.vscode-server/extensions/ms-vscode.vscode-typescript-next-4.2.20210106/node_modules/typescript/lib/tsserver.js:612:30)
    at IOSession.Session.getCompletionEntryDetails (/home/ubuntu/.vscode-server/extensions/ms-vscode.vscode-typescript-next-4.2.20210106/node_modules/typescript/lib/tsserver.js:159537:33)
    at Session.handlers.ts.Map.ts.getEntries._a.<computed> (/home/ubuntu/.vscode-server/extensions/ms-vscode.vscode-typescript-next-4.2.20210106/node_modules/typescript/lib/tsserver.js:158398:61)
    at /home/ubuntu/.vscode-server/extensions/ms-vscode.vscode-typescript-next-4.2.20210106/node_modules/typescript/lib/tsserver.js:160143:88
    at IOSession.Session.executeWithRequestId (/home/ubuntu/.vscode-server/extensions/ms-vscode.vscode-typescript-next-4.2.20210106/node_modules/typescript/lib/tsserver.js:160134:28)
    at IOSession.Session.executeCommand (/home/ubuntu/.vscode-server/extensions/ms-vscode.vscode-typescript-next-4.2.20210106/node_modules/typescript/lib/tsserver.js:160143:33)
    at IOSession.Session.onMessage (/home/ubuntu/.vscode-server/extensions/ms-vscode.vscode-typescript-next-4.2.20210106/node_modules/typescript/lib/tsserver.js:160169:35)
    at Interface.<anonymous> (/home/ubuntu/.vscode-server/extensions/ms-vscode.vscode-typescript-next-4.2.20210106/node_modules/typescript/lib/tsserver.js:162821:31)
    at Interface.emit (events.js:223:5)
    at Interface._onLine (readline.js:315:10)
    at Interface._normalWrite (readline.js:460:12)
    at Socket.ondata (readline.js:172:10)
    at Socket.emit (events.js:223:5)
    at addChunk (_stream_readable.js:309:12)
    at readableAddChunk (_stream_readable.js:290:11)
    at Socket.Readable.push (_stream_readable.js:224:10)
    at Pipe.onStreamRead (internal/stream_base_commons.js:181:23)
	at Function.create (/home/ubuntu/.vscode-server/bin/ea3859d4ba2f3e577a159bc91e3074c5d85c0523/extensions/typescript-language-features/dist/extension.js:1:76716)
	at dispatchResponse (/home/ubuntu/.vscode-server/bin/ea3859d4ba2f3e577a159bc91e3074c5d85c0523/extensions/typescript-language-features/dist/extension.js:1:70591)
	at dispatchMessage (/home/ubuntu/.vscode-server/bin/ea3859d4ba2f3e577a159bc91e3074c5d85c0523/extensions/typescript-language-features/dist/extension.js:1:69450)
	at /home/ubuntu/.vscode-server/bin/ea3859d4ba2f3e577a159bc91e3074c5d85c0523/extensions/typescript-language-features/dist/extension.js:1:68960
	at l.fire (/home/ubuntu/.vscode-server/bin/ea3859d4ba2f3e577a159bc91e3074c5d85c0523/out/vs/server/remoteExtensionHostProcess.js:46:801)
	at g.onLengthData (/home/ubuntu/.vscode-server/bin/ea3859d4ba2f3e577a159bc91e3074c5d85c0523/extensions/typescript-language-features/dist/extension.js:45:60018)
	at Socket.<anonymous> (/home/ubuntu/.vscode-server/bin/ea3859d4ba2f3e577a159bc91e3074c5d85c0523/extensions/typescript-language-features/dist/extension.js:45:59666)
	at Socket.emit (events.js:223:5)
	at Socket.EventEmitter.emit (domain.js:475:20)
	at addChunk (_stream_readable.js:309:12)
	at readableAddChunk (_stream_readable.js:290:11)
	at Socket.Readable.push (_stream_readable.js:224:10)
	at Pipe.onStreamRead (internal/stream_base_commons.js:181:23)
[2021-01-07 11:20:36.517] [exthost] [error] [vscode.typescript-language-features] provider FAILED
[2021-01-07 11:20:36.517] [exthost] [error] Error: <semantic> TypeScript Server Error (4.2.0-dev.20210106)
Cannot read property '0' of undefined
TypeError: Cannot read property '0' of undefined
    at getModuleSpecifierExpression (/home/ubuntu/.vscode-server/extensions/ms-vscode.vscode-typescript-next-4.2.20210106/node_modules/typescript/lib/tsserver.js:127302:93)
    at compareImportsOrRequireStatements (/home/ubuntu/.vscode-server/extensions/ms-vscode.vscode-typescript-next-4.2.20210106/node_modules/typescript/lib/tsserver.js:127324:78)
    at Object.arrayIsSorted (/home/ubuntu/.vscode-server/extensions/ms-vscode.vscode-typescript-next-4.2.20210106/node_modules/typescript/lib/tsserver.js:880:17)
    at Object.importsAreSorted (/home/ubuntu/.vscode-server/extensions/ms-vscode.vscode-typescript-next-4.2.20210106/node_modules/typescript/lib/tsserver.js:127306:23)
    at Object.insertImports (/home/ubuntu/.vscode-server/extensions/ms-vscode.vscode-typescript-next-4.2.20210106/node_modules/typescript/lib/tsserver.js:116103:65)
    at codeActionForFixWorker (/home/ubuntu/.vscode-server/extensions/ms-vscode.vscode-typescript-next-4.2.20210106/node_modules/typescript/lib/tsserver.js:137782:24)
    at /home/ubuntu/.vscode-server/extensions/ms-vscode.vscode-typescript-next-4.2.20210106/node_modules/typescript/lib/tsserver.js:137758:24
    at Function.ChangeTracker.with (/home/ubuntu/.vscode-server/extensions/ms-vscode.vscode-typescript-next-4.2.20210106/node_modules/typescript/lib/tsserver.js:133652:17)
    at codeActionForFix (/home/ubuntu/.vscode-server/extensions/ms-vscode.vscode-typescript-next-4.2.20210106/node_modules/typescript/lib/tsserver.js:137757:60)
    at Object.getImportCompletionAction (/home/ubuntu/.vscode-server/extensions/ms-vscode.vscode-typescript-next-4.2.20210106/node_modules/typescript/lib/tsserver.js:137349:94)
    at getCompletionEntryCodeActionsAndSourceDisplay (/home/ubuntu/.vscode-server/extensions/ms-vscode.vscode-typescript-next-4.2.20210106/node_modules/typescript/lib/tsserver.js:119463:33)
    at Object.getCompletionEntryDetails (/home/ubuntu/.vscode-server/extensions/ms-vscode.vscode-typescript-next-4.2.20210106/node_modules/typescript/lib/tsserver.js:119427:30)
    at Proxy.getCompletionEntryDetails (/home/ubuntu/.vscode-server/extensions/ms-vscode.vscode-typescript-next-4.2.20210106/node_modules/typescript/lib/tsserver.js:148448:35)
    at /home/ubuntu/.vscode-server/extensions/ms-vscode.vscode-typescript-next-4.2.20210106/node_modules/typescript/lib/tsserver.js:159539:57
    at Object.mapDefined (/home/ubuntu/.vscode-server/extensions/ms-vscode.vscode-typescript-next-4.2.20210106/node_modules/typescript/lib/tsserver.js:612:30)
    at IOSession.Session.getCompletionEntryDetails (/home/ubuntu/.vscode-server/extensions/ms-vscode.vscode-typescript-next-4.2.20210106/node_modules/typescript/lib/tsserver.js:159537:33)
    at Session.handlers.ts.Map.ts.getEntries._a.<computed> (/home/ubuntu/.vscode-server/extensions/ms-vscode.vscode-typescript-next-4.2.20210106/node_modules/typescript/lib/tsserver.js:158398:61)
    at /home/ubuntu/.vscode-server/extensions/ms-vscode.vscode-typescript-next-4.2.20210106/node_modules/typescript/lib/tsserver.js:160143:88
    at IOSession.Session.executeWithRequestId (/home/ubuntu/.vscode-server/extensions/ms-vscode.vscode-typescript-next-4.2.20210106/node_modules/typescript/lib/tsserver.js:160134:28)
    at IOSession.Session.executeCommand (/home/ubuntu/.vscode-server/extensions/ms-vscode.vscode-typescript-next-4.2.20210106/node_modules/typescript/lib/tsserver.js:160143:33)
    at IOSession.Session.onMessage (/home/ubuntu/.vscode-server/extensions/ms-vscode.vscode-typescript-next-4.2.20210106/node_modules/typescript/lib/tsserver.js:160169:35)
    at Interface.<anonymous> (/home/ubuntu/.vscode-server/extensions/ms-vscode.vscode-typescript-next-4.2.20210106/node_modules/typescript/lib/tsserver.js:162821:31)
    at Interface.emit (events.js:223:5)
    at Interface._onLine (readline.js:315:10)
    at Interface._normalWrite (readline.js:460:12)
    at Socket.ondata (readline.js:172:10)
    at Socket.emit (events.js:223:5)
    at addChunk (_stream_readable.js:309:12)
    at readableAddChunk (_stream_readable.js:290:11)
    at Socket.Readable.push (_stream_readable.js:224:10)
    at Pipe.onStreamRead (internal/stream_base_commons.js:181:23)
	at Function.create (/home/ubuntu/.vscode-server/bin/ea3859d4ba2f3e577a159bc91e3074c5d85c0523/extensions/typescript-language-features/dist/extension.js:1:76716)
	at dispatchResponse (/home/ubuntu/.vscode-server/bin/ea3859d4ba2f3e577a159bc91e3074c5d85c0523/extensions/typescript-language-features/dist/extension.js:1:70591)
	at dispatchMessage (/home/ubuntu/.vscode-server/bin/ea3859d4ba2f3e577a159bc91e3074c5d85c0523/extensions/typescript-language-features/dist/extension.js:1:69450)
	at /home/ubuntu/.vscode-server/bin/ea3859d4ba2f3e577a159bc91e3074c5d85c0523/extensions/typescript-language-features/dist/extension.js:1:68960
	at l.fire (/home/ubuntu/.vscode-server/bin/ea3859d4ba2f3e577a159bc91e3074c5d85c0523/out/vs/server/remoteExtensionHostProcess.js:46:801)
	at g.onLengthData (/home/ubuntu/.vscode-server/bin/ea3859d4ba2f3e577a159bc91e3074c5d85c0523/extensions/typescript-language-features/dist/extension.js:45:60018)
	at Socket.<anonymous> (/home/ubuntu/.vscode-server/bin/ea3859d4ba2f3e577a159bc91e3074c5d85c0523/extensions/typescript-language-features/dist/extension.js:45:59666)
	at Socket.emit (events.js:223:5)
	at Socket.EventEmitter.emit (domain.js:475:20)
	at addChunk (_stream_readable.js:309:12)
	at readableAddChunk (_stream_readable.js:290:11)
	at Socket.Readable.push (_stream_readable.js:224:10)
	at Pipe.onStreamRead (internal/stream_base_commons.js:181:23)
[2021-01-07 11:29:25.463] [exthost] [error] [vscode.typescript-language-features] provider FAILED
[2021-01-07 11:29:25.464] [exthost] [error] Error: <semantic> TypeScript Server Error (4.2.0-dev.20210106)
Cannot read property '0' of undefined
TypeError: Cannot read property '0' of undefined
    at getModuleSpecifierExpression (/home/ubuntu/.vscode-server/extensions/ms-vscode.vscode-typescript-next-4.2.20210106/node_modules/typescript/lib/tsserver.js:127302:93)
    at compareImportsOrRequireStatements (/home/ubuntu/.vscode-server/extensions/ms-vscode.vscode-typescript-next-4.2.20210106/node_modules/typescript/lib/tsserver.js:127324:78)
    at Object.arrayIsSorted (/home/ubuntu/.vscode-server/extensions/ms-vscode.vscode-typescript-next-4.2.20210106/node_modules/typescript/lib/tsserver.js:880:17)
    at Object.importsAreSorted (/home/ubuntu/.vscode-server/extensions/ms-vscode.vscode-typescript-next-4.2.20210106/node_modules/typescript/lib/tsserver.js:127306:23)
    at Object.insertImports (/home/ubuntu/.vscode-server/extensions/ms-vscode.vscode-typescript-next-4.2.20210106/node_modules/typescript/lib/tsserver.js:116103:65)
    at codeActionForFixWorker (/home/ubuntu/.vscode-server/extensions/ms-vscode.vscode-typescript-next-4.2.20210106/node_modules/typescript/lib/tsserver.js:137782:24)
    at /home/ubuntu/.vscode-server/extensions/ms-vscode.vscode-typescript-next-4.2.20210106/node_modules/typescript/lib/tsserver.js:137758:24
    at Function.ChangeTracker.with (/home/ubuntu/.vscode-server/extensions/ms-vscode.vscode-typescript-next-4.2.20210106/node_modules/typescript/lib/tsserver.js:133652:17)
    at codeActionForFix (/home/ubuntu/.vscode-server/extensions/ms-vscode.vscode-typescript-next-4.2.20210106/node_modules/typescript/lib/tsserver.js:137757:60)
    at Object.getImportCompletionAction (/home/ubuntu/.vscode-server/extensions/ms-vscode.vscode-typescript-next-4.2.20210106/node_modules/typescript/lib/tsserver.js:137349:94)
    at getCompletionEntryCodeActionsAndSourceDisplay (/home/ubuntu/.vscode-server/extensions/ms-vscode.vscode-typescript-next-4.2.20210106/node_modules/typescript/lib/tsserver.js:119463:33)
    at Object.getCompletionEntryDetails (/home/ubuntu/.vscode-server/extensions/ms-vscode.vscode-typescript-next-4.2.20210106/node_modules/typescript/lib/tsserver.js:119427:30)
    at Proxy.getCompletionEntryDetails (/home/ubuntu/.vscode-server/extensions/ms-vscode.vscode-typescript-next-4.2.20210106/node_modules/typescript/lib/tsserver.js:148448:35)
    at /home/ubuntu/.vscode-server/extensions/ms-vscode.vscode-typescript-next-4.2.20210106/node_modules/typescript/lib/tsserver.js:159539:57
    at Object.mapDefined (/home/ubuntu/.vscode-server/extensions/ms-vscode.vscode-typescript-next-4.2.20210106/node_modules/typescript/lib/tsserver.js:612:30)
    at IOSession.Session.getCompletionEntryDetails (/home/ubuntu/.vscode-server/extensions/ms-vscode.vscode-typescript-next-4.2.20210106/node_modules/typescript/lib/tsserver.js:159537:33)
    at Session.handlers.ts.Map.ts.getEntries._a.<computed> (/home/ubuntu/.vscode-server/extensions/ms-vscode.vscode-typescript-next-4.2.20210106/node_modules/typescript/lib/tsserver.js:158398:61)
    at /home/ubuntu/.vscode-server/extensions/ms-vscode.vscode-typescript-next-4.2.20210106/node_modules/typescript/lib/tsserver.js:160143:88
    at IOSession.Session.executeWithRequestId (/home/ubuntu/.vscode-server/extensions/ms-vscode.vscode-typescript-next-4.2.20210106/node_modules/typescript/lib/tsserver.js:160134:28)
    at IOSession.Session.executeCommand (/home/ubuntu/.vscode-server/extensions/ms-vscode.vscode-typescript-next-4.2.20210106/node_modules/typescript/lib/tsserver.js:160143:33)
    at IOSession.Session.onMessage (/home/ubuntu/.vscode-server/extensions/ms-vscode.vscode-typescript-next-4.2.20210106/node_modules/typescript/lib/tsserver.js:160169:35)
    at Interface.<anonymous> (/home/ubuntu/.vscode-server/extensions/ms-vscode.vscode-typescript-next-4.2.20210106/node_modules/typescript/lib/tsserver.js:162821:31)
    at Interface.emit (events.js:223:5)
    at Interface._onLine (readline.js:315:10)
    at Interface._normalWrite (readline.js:460:12)
    at Socket.ondata (readline.js:172:10)
    at Socket.emit (events.js:223:5)
    at addChunk (_stream_readable.js:309:12)
    at readableAddChunk (_stream_readable.js:290:11)
    at Socket.Readable.push (_stream_readable.js:224:10)
    at Pipe.onStreamRead (internal/stream_base_commons.js:181:23)
	at Function.create (/home/ubuntu/.vscode-server/bin/ea3859d4ba2f3e577a159bc91e3074c5d85c0523/extensions/typescript-language-features/dist/extension.js:1:76716)
	at dispatchResponse (/home/ubuntu/.vscode-server/bin/ea3859d4ba2f3e577a159bc91e3074c5d85c0523/extensions/typescript-language-features/dist/extension.js:1:70591)
	at dispatchMessage (/home/ubuntu/.vscode-server/bin/ea3859d4ba2f3e577a159bc91e3074c5d85c0523/extensions/typescript-language-features/dist/extension.js:1:69450)
	at /home/ubuntu/.vscode-server/bin/ea3859d4ba2f3e577a159bc91e3074c5d85c0523/extensions/typescript-language-features/dist/extension.js:1:68960
	at l.fire (/home/ubuntu/.vscode-server/bin/ea3859d4ba2f3e577a159bc91e3074c5d85c0523/out/vs/server/remoteExtensionHostProcess.js:46:801)
	at g.onLengthData (/home/ubuntu/.vscode-server/bin/ea3859d4ba2f3e577a159bc91e3074c5d85c0523/extensions/typescript-language-features/dist/extension.js:45:60018)
	at Socket.<anonymous> (/home/ubuntu/.vscode-server/bin/ea3859d4ba2f3e577a159bc91e3074c5d85c0523/extensions/typescript-language-features/dist/extension.js:45:59666)
	at Socket.emit (events.js:223:5)
	at Socket.EventEmitter.emit (domain.js:475:20)
	at addChunk (_stream_readable.js:309:12)
	at readableAddChunk (_stream_readable.js:290:11)
	at Socket.Readable.push (_stream_readable.js:224:10)
	at Pipe.onStreamRead (internal/stream_base_commons.js:181:23)
[2021-01-07 11:50:18.724] [exthost] [error] [vscode.typescript-language-features] provider FAILED
[2021-01-07 11:50:18.725] [exthost] [error] Error: <semantic> TypeScript Server Error (4.2.0-dev.20210106)
Cannot read property '0' of undefined
TypeError: Cannot read property '0' of undefined
    at getModuleSpecifierExpression (/home/ubuntu/.vscode-server/extensions/ms-vscode.vscode-typescript-next-4.2.20210106/node_modules/typescript/lib/tsserver.js:127302:93)
    at compareImportsOrRequireStatements (/home/ubuntu/.vscode-server/extensions/ms-vscode.vscode-typescript-next-4.2.20210106/node_modules/typescript/lib/tsserver.js:127324:78)
    at Object.arrayIsSorted (/home/ubuntu/.vscode-server/extensions/ms-vscode.vscode-typescript-next-4.2.20210106/node_modules/typescript/lib/tsserver.js:880:17)
    at Object.importsAreSorted (/home/ubuntu/.vscode-server/extensions/ms-vscode.vscode-typescript-next-4.2.20210106/node_modules/typescript/lib/tsserver.js:127306:23)
    at Object.insertImports (/home/ubuntu/.vscode-server/extensions/ms-vscode.vscode-typescript-next-4.2.20210106/node_modules/typescript/lib/tsserver.js:116103:65)
    at codeActionForFixWorker (/home/ubuntu/.vscode-server/extensions/ms-vscode.vscode-typescript-next-4.2.20210106/node_modules/typescript/lib/tsserver.js:137782:24)
    at /home/ubuntu/.vscode-server/extensions/ms-vscode.vscode-typescript-next-4.2.20210106/node_modules/typescript/lib/tsserver.js:137758:24
    at Function.ChangeTracker.with (/home/ubuntu/.vscode-server/extensions/ms-vscode.vscode-typescript-next-4.2.20210106/node_modules/typescript/lib/tsserver.js:133652:17)
    at codeActionForFix (/home/ubuntu/.vscode-server/extensions/ms-vscode.vscode-typescript-next-4.2.20210106/node_modules/typescript/lib/tsserver.js:137757:60)
    at Object.getImportCompletionAction (/home/ubuntu/.vscode-server/extensions/ms-vscode.vscode-typescript-next-4.2.20210106/node_modules/typescript/lib/tsserver.js:137349:94)
    at getCompletionEntryCodeActionsAndSourceDisplay (/home/ubuntu/.vscode-server/extensions/ms-vscode.vscode-typescript-next-4.2.20210106/node_modules/typescript/lib/tsserver.js:119463:33)
    at Object.getCompletionEntryDetails (/home/ubuntu/.vscode-server/extensions/ms-vscode.vscode-typescript-next-4.2.20210106/node_modules/typescript/lib/tsserver.js:119427:30)
    at Proxy.getCompletionEntryDetails (/home/ubuntu/.vscode-server/extensions/ms-vscode.vscode-typescript-next-4.2.20210106/node_modules/typescript/lib/tsserver.js:148448:35)
    at /home/ubuntu/.vscode-server/extensions/ms-vscode.vscode-typescript-next-4.2.20210106/node_modules/typescript/lib/tsserver.js:159539:57
    at Object.mapDefined (/home/ubuntu/.vscode-server/extensions/ms-vscode.vscode-typescript-next-4.2.20210106/node_modules/typescript/lib/tsserver.js:612:30)
    at IOSession.Session.getCompletionEntryDetails (/home/ubuntu/.vscode-server/extensions/ms-vscode.vscode-typescript-next-4.2.20210106/node_modules/typescript/lib/tsserver.js:159537:33)
    at Session.handlers.ts.Map.ts.getEntries._a.<computed> (/home/ubuntu/.vscode-server/extensions/ms-vscode.vscode-typescript-next-4.2.20210106/node_modules/typescript/lib/tsserver.js:158398:61)
    at /home/ubuntu/.vscode-server/extensions/ms-vscode.vscode-typescript-next-4.2.20210106/node_modules/typescript/lib/tsserver.js:160143:88
    at IOSession.Session.executeWithRequestId (/home/ubuntu/.vscode-server/extensions/ms-vscode.vscode-typescript-next-4.2.20210106/node_modules/typescript/lib/tsserver.js:160134:28)
    at IOSession.Session.executeCommand (/home/ubuntu/.vscode-server/extensions/ms-vscode.vscode-typescript-next-4.2.20210106/node_modules/typescript/lib/tsserver.js:160143:33)
    at IOSession.Session.onMessage (/home/ubuntu/.vscode-server/extensions/ms-vscode.vscode-typescript-next-4.2.20210106/node_modules/typescript/lib/tsserver.js:160169:35)
    at Interface.<anonymous> (/home/ubuntu/.vscode-server/extensions/ms-vscode.vscode-typescript-next-4.2.20210106/node_modules/typescript/lib/tsserver.js:162821:31)
    at Interface.emit (events.js:223:5)
    at Interface._onLine (readline.js:315:10)
    at Interface._normalWrite (readline.js:460:12)
    at Socket.ondata (readline.js:172:10)
    at Socket.emit (events.js:223:5)
    at addChunk (_stream_readable.js:309:12)
    at readableAddChunk (_stream_readable.js:290:11)
    at Socket.Readable.push (_stream_readable.js:224:10)
    at Pipe.onStreamRead (internal/stream_base_commons.js:181:23)
	at Function.create (/home/ubuntu/.vscode-server/bin/ea3859d4ba2f3e577a159bc91e3074c5d85c0523/extensions/typescript-language-features/dist/extension.js:1:76716)
	at dispatchResponse (/home/ubuntu/.vscode-server/bin/ea3859d4ba2f3e577a159bc91e3074c5d85c0523/extensions/typescript-language-features/dist/extension.js:1:70591)
	at dispatchMessage (/home/ubuntu/.vscode-server/bin/ea3859d4ba2f3e577a159bc91e3074c5d85c0523/extensions/typescript-language-features/dist/extension.js:1:69450)
	at /home/ubuntu/.vscode-server/bin/ea3859d4ba2f3e577a159bc91e3074c5d85c0523/extensions/typescript-language-features/dist/extension.js:1:68960
	at l.fire (/home/ubuntu/.vscode-server/bin/ea3859d4ba2f3e577a159bc91e3074c5d85c0523/out/vs/server/remoteExtensionHostProcess.js:46:801)
	at g.onLengthData (/home/ubuntu/.vscode-server/bin/ea3859d4ba2f3e577a159bc91e3074c5d85c0523/extensions/typescript-language-features/dist/extension.js:45:60018)
	at Socket.<anonymous> (/home/ubuntu/.vscode-server/bin/ea3859d4ba2f3e577a159bc91e3074c5d85c0523/extensions/typescript-language-features/dist/extension.js:45:59666)
	at Socket.emit (events.js:223:5)
	at Socket.EventEmitter.emit (domain.js:475:20)
	at addChunk (_stream_readable.js:309:12)
	at readableAddChunk (_stream_readable.js:290:11)
	at Socket.Readable.push (_stream_readable.js:224:10)
	at Pipe.onStreamRead (internal/stream_base_commons.js:181:23)
[2021-01-07 14:09:17.408] [exthost] [error] [vscode.typescript-language-features] provider FAILED
[2021-01-07 14:09:17.408] [exthost] [error] Error: <semantic> TypeScript Server Error (4.2.0-dev.20210106)
Cannot read property '0' of undefined
TypeError: Cannot read property '0' of undefined
    at getModuleSpecifierExpression (/home/ubuntu/.vscode-server/extensions/ms-vscode.vscode-typescript-next-4.2.20210106/node_modules/typescript/lib/tsserver.js:127302:93)
    at compareImportsOrRequireStatements (/home/ubuntu/.vscode-server/extensions/ms-vscode.vscode-typescript-next-4.2.20210106/node_modules/typescript/lib/tsserver.js:127324:78)
    at Object.arrayIsSorted (/home/ubuntu/.vscode-server/extensions/ms-vscode.vscode-typescript-next-4.2.20210106/node_modules/typescript/lib/tsserver.js:880:17)
    at Object.importsAreSorted (/home/ubuntu/.vscode-server/extensions/ms-vscode.vscode-typescript-next-4.2.20210106/node_modules/typescript/lib/tsserver.js:127306:23)
    at Object.insertImports (/home/ubuntu/.vscode-server/extensions/ms-vscode.vscode-typescript-next-4.2.20210106/node_modules/typescript/lib/tsserver.js:116103:65)
    at codeActionForFixWorker (/home/ubuntu/.vscode-server/extensions/ms-vscode.vscode-typescript-next-4.2.20210106/node_modules/typescript/lib/tsserver.js:137782:24)
    at /home/ubuntu/.vscode-server/extensions/ms-vscode.vscode-typescript-next-4.2.20210106/node_modules/typescript/lib/tsserver.js:137758:24
    at Function.ChangeTracker.with (/home/ubuntu/.vscode-server/extensions/ms-vscode.vscode-typescript-next-4.2.20210106/node_modules/typescript/lib/tsserver.js:133652:17)
    at codeActionForFix (/home/ubuntu/.vscode-server/extensions/ms-vscode.vscode-typescript-next-4.2.20210106/node_modules/typescript/lib/tsserver.js:137757:60)
    at Object.getImportCompletionAction (/home/ubuntu/.vscode-server/extensions/ms-vscode.vscode-typescript-next-4.2.20210106/node_modules/typescript/lib/tsserver.js:137349:94)
    at getCompletionEntryCodeActionsAndSourceDisplay (/home/ubuntu/.vscode-server/extensions/ms-vscode.vscode-typescript-next-4.2.20210106/node_modules/typescript/lib/tsserver.js:119463:33)
    at Object.getCompletionEntryDetails (/home/ubuntu/.vscode-server/extensions/ms-vscode.vscode-typescript-next-4.2.20210106/node_modules/typescript/lib/tsserver.js:119427:30)
    at Proxy.getCompletionEntryDetails (/home/ubuntu/.vscode-server/extensions/ms-vscode.vscode-typescript-next-4.2.20210106/node_modules/typescript/lib/tsserver.js:148448:35)
    at /home/ubuntu/.vscode-server/extensions/ms-vscode.vscode-typescript-next-4.2.20210106/node_modules/typescript/lib/tsserver.js:159539:57
    at Object.mapDefined (/home/ubuntu/.vscode-server/extensions/ms-vscode.vscode-typescript-next-4.2.20210106/node_modules/typescript/lib/tsserver.js:612:30)
    at IOSession.Session.getCompletionEntryDetails (/home/ubuntu/.vscode-server/extensions/ms-vscode.vscode-typescript-next-4.2.20210106/node_modules/typescript/lib/tsserver.js:159537:33)
    at Session.handlers.ts.Map.ts.getEntries._a.<computed> (/home/ubuntu/.vscode-server/extensions/ms-vscode.vscode-typescript-next-4.2.20210106/node_modules/typescript/lib/tsserver.js:158398:61)
    at /home/ubuntu/.vscode-server/extensions/ms-vscode.vscode-typescript-next-4.2.20210106/node_modules/typescript/lib/tsserver.js:160143:88
    at IOSession.Session.executeWithRequestId (/home/ubuntu/.vscode-server/extensions/ms-vscode.vscode-typescript-next-4.2.20210106/node_modules/typescript/lib/tsserver.js:160134:28)
    at IOSession.Session.executeCommand (/home/ubuntu/.vscode-server/extensions/ms-vscode.vscode-typescript-next-4.2.20210106/node_modules/typescript/lib/tsserver.js:160143:33)
    at IOSession.Session.onMessage (/home/ubuntu/.vscode-server/extensions/ms-vscode.vscode-typescript-next-4.2.20210106/node_modules/typescript/lib/tsserver.js:160169:35)
    at Interface.<anonymous> (/home/ubuntu/.vscode-server/extensions/ms-vscode.vscode-typescript-next-4.2.20210106/node_modules/typescript/lib/tsserver.js:162821:31)
    at Interface.emit (events.js:223:5)
    at Interface._onLine (readline.js:315:10)
    at Interface._normalWrite (readline.js:460:12)
    at Socket.ondata (readline.js:172:10)
    at Socket.emit (events.js:223:5)
    at addChunk (_stream_readable.js:309:12)
    at readableAddChunk (_stream_readable.js:290:11)
    at Socket.Readable.push (_stream_readable.js:224:10)
    at Pipe.onStreamRead (internal/stream_base_commons.js:181:23)
	at Function.create (/home/ubuntu/.vscode-server/bin/ea3859d4ba2f3e577a159bc91e3074c5d85c0523/extensions/typescript-language-features/dist/extension.js:1:76716)
	at dispatchResponse (/home/ubuntu/.vscode-server/bin/ea3859d4ba2f3e577a159bc91e3074c5d85c0523/extensions/typescript-language-features/dist/extension.js:1:70591)
	at dispatchMessage (/home/ubuntu/.vscode-server/bin/ea3859d4ba2f3e577a159bc91e3074c5d85c0523/extensions/typescript-language-features/dist/extension.js:1:69450)
	at /home/ubuntu/.vscode-server/bin/ea3859d4ba2f3e577a159bc91e3074c5d85c0523/extensions/typescript-language-features/dist/extension.js:1:68960
	at l.fire (/home/ubuntu/.vscode-server/bin/ea3859d4ba2f3e577a159bc91e3074c5d85c0523/out/vs/server/remoteExtensionHostProcess.js:46:801)
	at g.onLengthData (/home/ubuntu/.vscode-server/bin/ea3859d4ba2f3e577a159bc91e3074c5d85c0523/extensions/typescript-language-features/dist/extension.js:45:60018)
	at Socket.<anonymous> (/home/ubuntu/.vscode-server/bin/ea3859d4ba2f3e577a159bc91e3074c5d85c0523/extensions/typescript-language-features/dist/extension.js:45:59666)
	at Socket.emit (events.js:223:5)
	at Socket.EventEmitter.emit (domain.js:475:20)
	at addChunk (_stream_readable.js:309:12)
	at readableAddChunk (_stream_readable.js:290:11)
	at Socket.Readable.push (_stream_readable.js:224:10)
	at Pipe.onStreamRead (internal/stream_base_commons.js:181:23)
[2021-01-07 15:17:04.008] [exthost] [error] [vscode.typescript-language-features] provider FAILED
[2021-01-07 15:17:04.008] [exthost] [error] Error: <semantic> TypeScript Server Error (4.2.0-dev.20210106)
Cannot read property '0' of undefined
TypeError: Cannot read property '0' of undefined
    at getModuleSpecifierExpression (/home/ubuntu/.vscode-server/extensions/ms-vscode.vscode-typescript-next-4.2.20210106/node_modules/typescript/lib/tsserver.js:127302:93)
    at compareImportsOrRequireStatements (/home/ubuntu/.vscode-server/extensions/ms-vscode.vscode-typescript-next-4.2.20210106/node_modules/typescript/lib/tsserver.js:127324:78)
    at Object.arrayIsSorted (/home/ubuntu/.vscode-server/extensions/ms-vscode.vscode-typescript-next-4.2.20210106/node_modules/typescript/lib/tsserver.js:880:17)
    at Object.importsAreSorted (/home/ubuntu/.vscode-server/extensions/ms-vscode.vscode-typescript-next-4.2.20210106/node_modules/typescript/lib/tsserver.js:127306:23)
    at Object.insertImports (/home/ubuntu/.vscode-server/extensions/ms-vscode.vscode-typescript-next-4.2.20210106/node_modules/typescript/lib/tsserver.js:116103:65)
    at codeActionForFixWorker (/home/ubuntu/.vscode-server/extensions/ms-vscode.vscode-typescript-next-4.2.20210106/node_modules/typescript/lib/tsserver.js:137782:24)
    at /home/ubuntu/.vscode-server/extensions/ms-vscode.vscode-typescript-next-4.2.20210106/node_modules/typescript/lib/tsserver.js:137758:24
    at Function.ChangeTracker.with (/home/ubuntu/.vscode-server/extensions/ms-vscode.vscode-typescript-next-4.2.20210106/node_modules/typescript/lib/tsserver.js:133652:17)
    at codeActionForFix (/home/ubuntu/.vscode-server/extensions/ms-vscode.vscode-typescript-next-4.2.20210106/node_modules/typescript/lib/tsserver.js:137757:60)
    at Object.getImportCompletionAction (/home/ubuntu/.vscode-server/extensions/ms-vscode.vscode-typescript-next-4.2.20210106/node_modules/typescript/lib/tsserver.js:137349:94)
    at getCompletionEntryCodeActionsAndSourceDisplay (/home/ubuntu/.vscode-server/extensions/ms-vscode.vscode-typescript-next-4.2.20210106/node_modules/typescript/lib/tsserver.js:119463:33)
    at Object.getCompletionEntryDetails (/home/ubuntu/.vscode-server/extensions/ms-vscode.vscode-typescript-next-4.2.20210106/node_modules/typescript/lib/tsserver.js:119427:30)
    at Proxy.getCompletionEntryDetails (/home/ubuntu/.vscode-server/extensions/ms-vscode.vscode-typescript-next-4.2.20210106/node_modules/typescript/lib/tsserver.js:148448:35)
    at /home/ubuntu/.vscode-server/extensions/ms-vscode.vscode-typescript-next-4.2.20210106/node_modules/typescript/lib/tsserver.js:159539:57
    at Object.mapDefined (/home/ubuntu/.vscode-server/extensions/ms-vscode.vscode-typescript-next-4.2.20210106/node_modules/typescript/lib/tsserver.js:612:30)
    at IOSession.Session.getCompletionEntryDetails (/home/ubuntu/.vscode-server/extensions/ms-vscode.vscode-typescript-next-4.2.20210106/node_modules/typescript/lib/tsserver.js:159537:33)
    at Session.handlers.ts.Map.ts.getEntries._a.<computed> (/home/ubuntu/.vscode-server/extensions/ms-vscode.vscode-typescript-next-4.2.20210106/node_modules/typescript/lib/tsserver.js:158398:61)
    at /home/ubuntu/.vscode-server/extensions/ms-vscode.vscode-typescript-next-4.2.20210106/node_modules/typescript/lib/tsserver.js:160143:88
    at IOSession.Session.executeWithRequestId (/home/ubuntu/.vscode-server/extensions/ms-vscode.vscode-typescript-next-4.2.20210106/node_modules/typescript/lib/tsserver.js:160134:28)
    at IOSession.Session.executeCommand (/home/ubuntu/.vscode-server/extensions/ms-vscode.vscode-typescript-next-4.2.20210106/node_modules/typescript/lib/tsserver.js:160143:33)
    at IOSession.Session.onMessage (/home/ubuntu/.vscode-server/extensions/ms-vscode.vscode-typescript-next-4.2.20210106/node_modules/typescript/lib/tsserver.js:160169:35)
    at Interface.<anonymous> (/home/ubuntu/.vscode-server/extensions/ms-vscode.vscode-typescript-next-4.2.20210106/node_modules/typescript/lib/tsserver.js:162821:31)
    at Interface.emit (events.js:223:5)
    at Interface._onLine (readline.js:315:10)
    at Interface._normalWrite (readline.js:460:12)
    at Socket.ondata (readline.js:172:10)
    at Socket.emit (events.js:223:5)
    at addChunk (_stream_readable.js:309:12)
    at readableAddChunk (_stream_readable.js:290:11)
    at Socket.Readable.push (_stream_readable.js:224:10)
    at Pipe.onStreamRead (internal/stream_base_commons.js:181:23)
	at Function.create (/home/ubuntu/.vscode-server/bin/ea3859d4ba2f3e577a159bc91e3074c5d85c0523/extensions/typescript-language-features/dist/extension.js:1:76716)
	at dispatchResponse (/home/ubuntu/.vscode-server/bin/ea3859d4ba2f3e577a159bc91e3074c5d85c0523/extensions/typescript-language-features/dist/extension.js:1:70591)
	at dispatchMessage (/home/ubuntu/.vscode-server/bin/ea3859d4ba2f3e577a159bc91e3074c5d85c0523/extensions/typescript-language-features/dist/extension.js:1:69450)
	at /home/ubuntu/.vscode-server/bin/ea3859d4ba2f3e577a159bc91e3074c5d85c0523/extensions/typescript-language-features/dist/extension.js:1:68960
	at l.fire (/home/ubuntu/.vscode-server/bin/ea3859d4ba2f3e577a159bc91e3074c5d85c0523/out/vs/server/remoteExtensionHostProcess.js:46:801)
	at g.onLengthData (/home/ubuntu/.vscode-server/bin/ea3859d4ba2f3e577a159bc91e3074c5d85c0523/extensions/typescript-language-features/dist/extension.js:45:60018)
	at Socket.<anonymous> (/home/ubuntu/.vscode-server/bin/ea3859d4ba2f3e577a159bc91e3074c5d85c0523/extensions/typescript-language-features/dist/extension.js:45:59666)
	at Socket.emit (events.js:223:5)
	at Socket.EventEmitter.emit (domain.js:475:20)
	at addChunk (_stream_readable.js:309:12)
	at readableAddChunk (_stream_readable.js:290:11)
	at Socket.Readable.push (_stream_readable.js:224:10)
	at Pipe.onStreamRead (internal/stream_base_commons.js:181:23)
[2021-01-07 15:17:32.924] [exthost] [error] [vscode.typescript-language-features] provider FAILED
[2021-01-07 15:17:32.925] [exthost] [error] Error: <semantic> TypeScript Server Error (4.2.0-dev.20210106)
Cannot read property '0' of undefined
TypeError: Cannot read property '0' of undefined
    at getModuleSpecifierExpression (/home/ubuntu/.vscode-server/extensions/ms-vscode.vscode-typescript-next-4.2.20210106/node_modules/typescript/lib/tsserver.js:127302:93)
    at compareImportsOrRequireStatements (/home/ubuntu/.vscode-server/extensions/ms-vscode.vscode-typescript-next-4.2.20210106/node_modules/typescript/lib/tsserver.js:127324:78)
    at Object.arrayIsSorted (/home/ubuntu/.vscode-server/extensions/ms-vscode.vscode-typescript-next-4.2.20210106/node_modules/typescript/lib/tsserver.js:880:17)
    at Object.importsAreSorted (/home/ubuntu/.vscode-server/extensions/ms-vscode.vscode-typescript-next-4.2.20210106/node_modules/typescript/lib/tsserver.js:127306:23)
    at Object.insertImports (/home/ubuntu/.vscode-server/extensions/ms-vscode.vscode-typescript-next-4.2.20210106/node_modules/typescript/lib/tsserver.js:116103:65)
    at codeActionForFixWorker (/home/ubuntu/.vscode-server/extensions/ms-vscode.vscode-typescript-next-4.2.20210106/node_modules/typescript/lib/tsserver.js:137782:24)
    at /home/ubuntu/.vscode-server/extensions/ms-vscode.vscode-typescript-next-4.2.20210106/node_modules/typescript/lib/tsserver.js:137758:24
    at Function.ChangeTracker.with (/home/ubuntu/.vscode-server/extensions/ms-vscode.vscode-typescript-next-4.2.20210106/node_modules/typescript/lib/tsserver.js:133652:17)
    at codeActionForFix (/home/ubuntu/.vscode-server/extensions/ms-vscode.vscode-typescript-next-4.2.20210106/node_modules/typescript/lib/tsserver.js:137757:60)
    at Object.getImportCompletionAction (/home/ubuntu/.vscode-server/extensions/ms-vscode.vscode-typescript-next-4.2.20210106/node_modules/typescript/lib/tsserver.js:137349:94)
    at getCompletionEntryCodeActionsAndSourceDisplay (/home/ubuntu/.vscode-server/extensions/ms-vscode.vscode-typescript-next-4.2.20210106/node_modules/typescript/lib/tsserver.js:119463:33)
    at Object.getCompletionEntryDetails (/home/ubuntu/.vscode-server/extensions/ms-vscode.vscode-typescript-next-4.2.20210106/node_modules/typescript/lib/tsserver.js:119427:30)
    at Proxy.getCompletionEntryDetails (/home/ubuntu/.vscode-server/extensions/ms-vscode.vscode-typescript-next-4.2.20210106/node_modules/typescript/lib/tsserver.js:148448:35)
    at /home/ubuntu/.vscode-server/extensions/ms-vscode.vscode-typescript-next-4.2.20210106/node_modules/typescript/lib/tsserver.js:159539:57
    at Object.mapDefined (/home/ubuntu/.vscode-server/extensions/ms-vscode.vscode-typescript-next-4.2.20210106/node_modules/typescript/lib/tsserver.js:612:30)
    at IOSession.Session.getCompletionEntryDetails (/home/ubuntu/.vscode-server/extensions/ms-vscode.vscode-typescript-next-4.2.20210106/node_modules/typescript/lib/tsserver.js:159537:33)
    at Session.handlers.ts.Map.ts.getEntries._a.<computed> (/home/ubuntu/.vscode-server/extensions/ms-vscode.vscode-typescript-next-4.2.20210106/node_modules/typescript/lib/tsserver.js:158398:61)
    at /home/ubuntu/.vscode-server/extensions/ms-vscode.vscode-typescript-next-4.2.20210106/node_modules/typescript/lib/tsserver.js:160143:88
    at IOSession.Session.executeWithRequestId (/home/ubuntu/.vscode-server/extensions/ms-vscode.vscode-typescript-next-4.2.20210106/node_modules/typescript/lib/tsserver.js:160134:28)
    at IOSession.Session.executeCommand (/home/ubuntu/.vscode-server/extensions/ms-vscode.vscode-typescript-next-4.2.20210106/node_modules/typescript/lib/tsserver.js:160143:33)
    at IOSession.Session.onMessage (/home/ubuntu/.vscode-server/extensions/ms-vscode.vscode-typescript-next-4.2.20210106/node_modules/typescript/lib/tsserver.js:160169:35)
    at Interface.<anonymous> (/home/ubuntu/.vscode-server/extensions/ms-vscode.vscode-typescript-next-4.2.20210106/node_modules/typescript/lib/tsserver.js:162821:31)
    at Interface.emit (events.js:223:5)
    at Interface._onLine (readline.js:315:10)
    at Interface._normalWrite (readline.js:460:12)
    at Socket.ondata (readline.js:172:10)
    at Socket.emit (events.js:223:5)
    at addChunk (_stream_readable.js:309:12)
    at readableAddChunk (_stream_readable.js:290:11)
    at Socket.Readable.push (_stream_readable.js:224:10)
    at Pipe.onStreamRead (internal/stream_base_commons.js:181:23)
	at Function.create (/home/ubuntu/.vscode-server/bin/ea3859d4ba2f3e577a159bc91e3074c5d85c0523/extensions/typescript-language-features/dist/extension.js:1:76716)
	at dispatchResponse (/home/ubuntu/.vscode-server/bin/ea3859d4ba2f3e577a159bc91e3074c5d85c0523/extensions/typescript-language-features/dist/extension.js:1:70591)
	at dispatchMessage (/home/ubuntu/.vscode-server/bin/ea3859d4ba2f3e577a159bc91e3074c5d85c0523/extensions/typescript-language-features/dist/extension.js:1:69450)
	at /home/ubuntu/.vscode-server/bin/ea3859d4ba2f3e577a159bc91e3074c5d85c0523/extensions/typescript-language-features/dist/extension.js:1:68960
	at l.fire (/home/ubuntu/.vscode-server/bin/ea3859d4ba2f3e577a159bc91e3074c5d85c0523/out/vs/server/remoteExtensionHostProcess.js:46:801)
	at g.onLengthData (/home/ubuntu/.vscode-server/bin/ea3859d4ba2f3e577a159bc91e3074c5d85c0523/extensions/typescript-language-features/dist/extension.js:45:60018)
	at Socket.<anonymous> (/home/ubuntu/.vscode-server/bin/ea3859d4ba2f3e577a159bc91e3074c5d85c0523/extensions/typescript-language-features/dist/extension.js:45:59666)
	at Socket.emit (events.js:223:5)
	at Socket.EventEmitter.emit (domain.js:475:20)
	at addChunk (_stream_readable.js:309:12)
	at readableAddChunk (_stream_readable.js:290:11)
	at Socket.Readable.push (_stream_readable.js:224:10)
	at Pipe.onStreamRead (internal/stream_base_commons.js:181:23)
[2021-01-07 15:17:32.949] [exthost] [error] [vscode.typescript-language-features] provider FAILED
[2021-01-07 15:17:32.950] [exthost] [error] Error: <semantic> TypeScript Server Error (4.2.0-dev.20210106)
Cannot read property '0' of undefined
TypeError: Cannot read property '0' of undefined
    at getModuleSpecifierExpression (/home/ubuntu/.vscode-server/extensions/ms-vscode.vscode-typescript-next-4.2.20210106/node_modules/typescript/lib/tsserver.js:127302:93)
    at compareImportsOrRequireStatements (/home/ubuntu/.vscode-server/extensions/ms-vscode.vscode-typescript-next-4.2.20210106/node_modules/typescript/lib/tsserver.js:127324:78)
    at Object.arrayIsSorted (/home/ubuntu/.vscode-server/extensions/ms-vscode.vscode-typescript-next-4.2.20210106/node_modules/typescript/lib/tsserver.js:880:17)
    at Object.importsAreSorted (/home/ubuntu/.vscode-server/extensions/ms-vscode.vscode-typescript-next-4.2.20210106/node_modules/typescript/lib/tsserver.js:127306:23)
    at Object.insertImports (/home/ubuntu/.vscode-server/extensions/ms-vscode.vscode-typescript-next-4.2.20210106/node_modules/typescript/lib/tsserver.js:116103:65)
    at codeActionForFixWorker (/home/ubuntu/.vscode-server/extensions/ms-vscode.vscode-typescript-next-4.2.20210106/node_modules/typescript/lib/tsserver.js:137782:24)
    at /home/ubuntu/.vscode-server/extensions/ms-vscode.vscode-typescript-next-4.2.20210106/node_modules/typescript/lib/tsserver.js:137758:24
    at Function.ChangeTracker.with (/home/ubuntu/.vscode-server/extensions/ms-vscode.vscode-typescript-next-4.2.20210106/node_modules/typescript/lib/tsserver.js:133652:17)
    at codeActionForFix (/home/ubuntu/.vscode-server/extensions/ms-vscode.vscode-typescript-next-4.2.20210106/node_modules/typescript/lib/tsserver.js:137757:60)
    at Object.getImportCompletionAction (/home/ubuntu/.vscode-server/extensions/ms-vscode.vscode-typescript-next-4.2.20210106/node_modules/typescript/lib/tsserver.js:137349:94)
    at getCompletionEntryCodeActionsAndSourceDisplay (/home/ubuntu/.vscode-server/extensions/ms-vscode.vscode-typescript-next-4.2.20210106/node_modules/typescript/lib/tsserver.js:119463:33)
    at Object.getCompletionEntryDetails (/home/ubuntu/.vscode-server/extensions/ms-vscode.vscode-typescript-next-4.2.20210106/node_modules/typescript/lib/tsserver.js:119427:30)
    at Proxy.getCompletionEntryDetails (/home/ubuntu/.vscode-server/extensions/ms-vscode.vscode-typescript-next-4.2.20210106/node_modules/typescript/lib/tsserver.js:148448:35)
    at /home/ubuntu/.vscode-server/extensions/ms-vscode.vscode-typescript-next-4.2.20210106/node_modules/typescript/lib/tsserver.js:159539:57
    at Object.mapDefined (/home/ubuntu/.vscode-server/extensions/ms-vscode.vscode-typescript-next-4.2.20210106/node_modules/typescript/lib/tsserver.js:612:30)
    at IOSession.Session.getCompletionEntryDetails (/home/ubuntu/.vscode-server/extensions/ms-vscode.vscode-typescript-next-4.2.20210106/node_modules/typescript/lib/tsserver.js:159537:33)
    at Session.handlers.ts.Map.ts.getEntries._a.<computed> (/home/ubuntu/.vscode-server/extensions/ms-vscode.vscode-typescript-next-4.2.20210106/node_modules/typescript/lib/tsserver.js:158398:61)
    at /home/ubuntu/.vscode-server/extensions/ms-vscode.vscode-typescript-next-4.2.20210106/node_modules/typescript/lib/tsserver.js:160143:88
    at IOSession.Session.executeWithRequestId (/home/ubuntu/.vscode-server/extensions/ms-vscode.vscode-typescript-next-4.2.20210106/node_modules/typescript/lib/tsserver.js:160134:28)
    at IOSession.Session.executeCommand (/home/ubuntu/.vscode-server/extensions/ms-vscode.vscode-typescript-next-4.2.20210106/node_modules/typescript/lib/tsserver.js:160143:33)
    at IOSession.Session.onMessage (/home/ubuntu/.vscode-server/extensions/ms-vscode.vscode-typescript-next-4.2.20210106/node_modules/typescript/lib/tsserver.js:160169:35)
    at Interface.<anonymous> (/home/ubuntu/.vscode-server/extensions/ms-vscode.vscode-typescript-next-4.2.20210106/node_modules/typescript/lib/tsserver.js:162821:31)
    at Interface.emit (events.js:223:5)
    at Interface._onLine (readline.js:315:10)
    at Interface._normalWrite (readline.js:460:12)
    at Socket.ondata (readline.js:172:10)
    at Socket.emit (events.js:223:5)
    at addChunk (_stream_readable.js:309:12)
    at readableAddChunk (_stream_readable.js:290:11)
    at Socket.Readable.push (_stream_readable.js:224:10)
    at Pipe.onStreamRead (internal/stream_base_commons.js:181:23)
	at Function.create (/home/ubuntu/.vscode-server/bin/ea3859d4ba2f3e577a159bc91e3074c5d85c0523/extensions/typescript-language-features/dist/extension.js:1:76716)
	at dispatchResponse (/home/ubuntu/.vscode-server/bin/ea3859d4ba2f3e577a159bc91e3074c5d85c0523/extensions/typescript-language-features/dist/extension.js:1:70591)
	at dispatchMessage (/home/ubuntu/.vscode-server/bin/ea3859d4ba2f3e577a159bc91e3074c5d85c0523/extensions/typescript-language-features/dist/extension.js:1:69450)
	at /home/ubuntu/.vscode-server/bin/ea3859d4ba2f3e577a159bc91e3074c5d85c0523/extensions/typescript-language-features/dist/extension.js:1:68960
	at l.fire (/home/ubuntu/.vscode-server/bin/ea3859d4ba2f3e577a159bc91e3074c5d85c0523/out/vs/server/remoteExtensionHostProcess.js:46:801)
	at g.onLengthData (/home/ubuntu/.vscode-server/bin/ea3859d4ba2f3e577a159bc91e3074c5d85c0523/extensions/typescript-language-features/dist/extension.js:45:60018)
	at Socket.<anonymous> (/home/ubuntu/.vscode-server/bin/ea3859d4ba2f3e577a159bc91e3074c5d85c0523/extensions/typescript-language-features/dist/extension.js:45:59666)
	at Socket.emit (events.js:223:5)
	at Socket.EventEmitter.emit (domain.js:475:20)
	at addChunk (_stream_readable.js:309:12)
	at readableAddChunk (_stream_readable.js:290:11)
	at Socket.Readable.push (_stream_readable.js:224:10)
	at Pipe.onStreamRead (internal/stream_base_commons.js:181:23)
[2021-01-07 15:26:12.213] [exthost] [error] [vscode.typescript-language-features] provider FAILED
[2021-01-07 15:26:12.213] [exthost] [error] Error: <semantic> TypeScript Server Error (4.2.0-dev.20210106)
Cannot read property '0' of undefined
TypeError: Cannot read property '0' of undefined
    at getModuleSpecifierExpression (/home/ubuntu/.vscode-server/extensions/ms-vscode.vscode-typescript-next-4.2.20210106/node_modules/typescript/lib/tsserver.js:127302:93)
    at compareImportsOrRequireStatements (/home/ubuntu/.vscode-server/extensions/ms-vscode.vscode-typescript-next-4.2.20210106/node_modules/typescript/lib/tsserver.js:127324:78)
    at Object.arrayIsSorted (/home/ubuntu/.vscode-server/extensions/ms-vscode.vscode-typescript-next-4.2.20210106/node_modules/typescript/lib/tsserver.js:880:17)
    at Object.importsAreSorted (/home/ubuntu/.vscode-server/extensions/ms-vscode.vscode-typescript-next-4.2.20210106/node_modules/typescript/lib/tsserver.js:127306:23)
    at Object.insertImports (/home/ubuntu/.vscode-server/extensions/ms-vscode.vscode-typescript-next-4.2.20210106/node_modules/typescript/lib/tsserver.js:116103:65)
    at codeActionForFixWorker (/home/ubuntu/.vscode-server/extensions/ms-vscode.vscode-typescript-next-4.2.20210106/node_modules/typescript/lib/tsserver.js:137782:24)
    at /home/ubuntu/.vscode-server/extensions/ms-vscode.vscode-typescript-next-4.2.20210106/node_modules/typescript/lib/tsserver.js:137758:24
    at Function.ChangeTracker.with (/home/ubuntu/.vscode-server/extensions/ms-vscode.vscode-typescript-next-4.2.20210106/node_modules/typescript/lib/tsserver.js:133652:17)
    at codeActionForFix (/home/ubuntu/.vscode-server/extensions/ms-vscode.vscode-typescript-next-4.2.20210106/node_modules/typescript/lib/tsserver.js:137757:60)
    at Object.getImportCompletionAction (/home/ubuntu/.vscode-server/extensions/ms-vscode.vscode-typescript-next-4.2.20210106/node_modules/typescript/lib/tsserver.js:137349:94)
    at getCompletionEntryCodeActionsAndSourceDisplay (/home/ubuntu/.vscode-server/extensions/ms-vscode.vscode-typescript-next-4.2.20210106/node_modules/typescript/lib/tsserver.js:119463:33)
    at Object.getCompletionEntryDetails (/home/ubuntu/.vscode-server/extensions/ms-vscode.vscode-typescript-next-4.2.20210106/node_modules/typescript/lib/tsserver.js:119427:30)
    at Proxy.getCompletionEntryDetails (/home/ubuntu/.vscode-server/extensions/ms-vscode.vscode-typescript-next-4.2.20210106/node_modules/typescript/lib/tsserver.js:148448:35)
    at /home/ubuntu/.vscode-server/extensions/ms-vscode.vscode-typescript-next-4.2.20210106/node_modules/typescript/lib/tsserver.js:159539:57
    at Object.mapDefined (/home/ubuntu/.vscode-server/extensions/ms-vscode.vscode-typescript-next-4.2.20210106/node_modules/typescript/lib/tsserver.js:612:30)
    at IOSession.Session.getCompletionEntryDetails (/home/ubuntu/.vscode-server/extensions/ms-vscode.vscode-typescript-next-4.2.20210106/node_modules/typescript/lib/tsserver.js:159537:33)
    at Session.handlers.ts.Map.ts.getEntries._a.<computed> (/home/ubuntu/.vscode-server/extensions/ms-vscode.vscode-typescript-next-4.2.20210106/node_modules/typescript/lib/tsserver.js:158398:61)
    at /home/ubuntu/.vscode-server/extensions/ms-vscode.vscode-typescript-next-4.2.20210106/node_modules/typescript/lib/tsserver.js:160143:88
    at IOSession.Session.executeWithRequestId (/home/ubuntu/.vscode-server/extensions/ms-vscode.vscode-typescript-next-4.2.20210106/node_modules/typescript/lib/tsserver.js:160134:28)
    at IOSession.Session.executeCommand (/home/ubuntu/.vscode-server/extensions/ms-vscode.vscode-typescript-next-4.2.20210106/node_modules/typescript/lib/tsserver.js:160143:33)
    at IOSession.Session.onMessage (/home/ubuntu/.vscode-server/extensions/ms-vscode.vscode-typescript-next-4.2.20210106/node_modules/typescript/lib/tsserver.js:160169:35)
    at Interface.<anonymous> (/home/ubuntu/.vscode-server/extensions/ms-vscode.vscode-typescript-next-4.2.20210106/node_modules/typescript/lib/tsserver.js:162821:31)
    at Interface.emit (events.js:223:5)
    at Interface._onLine (readline.js:315:10)
    at Interface._normalWrite (readline.js:460:12)
    at Socket.ondata (readline.js:172:10)
    at Socket.emit (events.js:223:5)
    at addChunk (_stream_readable.js:309:12)
    at readableAddChunk (_stream_readable.js:290:11)
    at Socket.Readable.push (_stream_readable.js:224:10)
    at Pipe.onStreamRead (internal/stream_base_commons.js:181:23)
	at Function.create (/home/ubuntu/.vscode-server/bin/ea3859d4ba2f3e577a159bc91e3074c5d85c0523/extensions/typescript-language-features/dist/extension.js:1:76716)
	at dispatchResponse (/home/ubuntu/.vscode-server/bin/ea3859d4ba2f3e577a159bc91e3074c5d85c0523/extensions/typescript-language-features/dist/extension.js:1:70591)
	at dispatchMessage (/home/ubuntu/.vscode-server/bin/ea3859d4ba2f3e577a159bc91e3074c5d85c0523/extensions/typescript-language-features/dist/extension.js:1:69450)
	at /home/ubuntu/.vscode-server/bin/ea3859d4ba2f3e577a159bc91e3074c5d85c0523/extensions/typescript-language-features/dist/extension.js:1:68960
	at l.fire (/home/ubuntu/.vscode-server/bin/ea3859d4ba2f3e577a159bc91e3074c5d85c0523/out/vs/server/remoteExtensionHostProcess.js:46:801)
	at g.onLengthData (/home/ubuntu/.vscode-server/bin/ea3859d4ba2f3e577a159bc91e3074c5d85c0523/extensions/typescript-language-features/dist/extension.js:45:60018)
	at Socket.<anonymous> (/home/ubuntu/.vscode-server/bin/ea3859d4ba2f3e577a159bc91e3074c5d85c0523/extensions/typescript-language-features/dist/extension.js:45:59666)
	at Socket.emit (events.js:223:5)
	at Socket.EventEmitter.emit (domain.js:475:20)
	at addChunk (_stream_readable.js:309:12)
	at readableAddChunk (_stream_readable.js:290:11)
	at Socket.Readable.push (_stream_readable.js:224:10)
	at Pipe.onStreamRead (internal/stream_base_commons.js:181:23)
[2021-01-07 15:26:16.110] [exthost] [error] [vscode.typescript-language-features] provider FAILED
[2021-01-07 15:26:16.111] [exthost] [error] Error: <semantic> TypeScript Server Error (4.2.0-dev.20210106)
Cannot read property '0' of undefined
TypeError: Cannot read property '0' of undefined
    at getModuleSpecifierExpression (/home/ubuntu/.vscode-server/extensions/ms-vscode.vscode-typescript-next-4.2.20210106/node_modules/typescript/lib/tsserver.js:127302:93)
    at compareImportsOrRequireStatements (/home/ubuntu/.vscode-server/extensions/ms-vscode.vscode-typescript-next-4.2.20210106/node_modules/typescript/lib/tsserver.js:127324:78)
    at Object.arrayIsSorted (/home/ubuntu/.vscode-server/extensions/ms-vscode.vscode-typescript-next-4.2.20210106/node_modules/typescript/lib/tsserver.js:880:17)
    at Object.importsAreSorted (/home/ubuntu/.vscode-server/extensions/ms-vscode.vscode-typescript-next-4.2.20210106/node_modules/typescript/lib/tsserver.js:127306:23)
    at Object.insertImports (/home/ubuntu/.vscode-server/extensions/ms-vscode.vscode-typescript-next-4.2.20210106/node_modules/typescript/lib/tsserver.js:116103:65)
    at codeActionForFixWorker (/home/ubuntu/.vscode-server/extensions/ms-vscode.vscode-typescript-next-4.2.20210106/node_modules/typescript/lib/tsserver.js:137782:24)
    at /home/ubuntu/.vscode-server/extensions/ms-vscode.vscode-typescript-next-4.2.20210106/node_modules/typescript/lib/tsserver.js:137758:24
    at Function.ChangeTracker.with (/home/ubuntu/.vscode-server/extensions/ms-vscode.vscode-typescript-next-4.2.20210106/node_modules/typescript/lib/tsserver.js:133652:17)
    at codeActionForFix (/home/ubuntu/.vscode-server/extensions/ms-vscode.vscode-typescript-next-4.2.20210106/node_modules/typescript/lib/tsserver.js:137757:60)
    at Object.getImportCompletionAction (/home/ubuntu/.vscode-server/extensions/ms-vscode.vscode-typescript-next-4.2.20210106/node_modules/typescript/lib/tsserver.js:137349:94)
    at getCompletionEntryCodeActionsAndSourceDisplay (/home/ubuntu/.vscode-server/extensions/ms-vscode.vscode-typescript-next-4.2.20210106/node_modules/typescript/lib/tsserver.js:119463:33)
    at Object.getCompletionEntryDetails (/home/ubuntu/.vscode-server/extensions/ms-vscode.vscode-typescript-next-4.2.20210106/node_modules/typescript/lib/tsserver.js:119427:30)
    at Proxy.getCompletionEntryDetails (/home/ubuntu/.vscode-server/extensions/ms-vscode.vscode-typescript-next-4.2.20210106/node_modules/typescript/lib/tsserver.js:148448:35)
    at /home/ubuntu/.vscode-server/extensions/ms-vscode.vscode-typescript-next-4.2.20210106/node_modules/typescript/lib/tsserver.js:159539:57
    at Object.mapDefined (/home/ubuntu/.vscode-server/extensions/ms-vscode.vscode-typescript-next-4.2.20210106/node_modules/typescript/lib/tsserver.js:612:30)
    at IOSession.Session.getCompletionEntryDetails (/home/ubuntu/.vscode-server/extensions/ms-vscode.vscode-typescript-next-4.2.20210106/node_modules/typescript/lib/tsserver.js:159537:33)
    at Session.handlers.ts.Map.ts.getEntries._a.<computed> (/home/ubuntu/.vscode-server/extensions/ms-vscode.vscode-typescript-next-4.2.20210106/node_modules/typescript/lib/tsserver.js:158398:61)
    at /home/ubuntu/.vscode-server/extensions/ms-vscode.vscode-typescript-next-4.2.20210106/node_modules/typescript/lib/tsserver.js:160143:88
    at IOSession.Session.executeWithRequestId (/home/ubuntu/.vscode-server/extensions/ms-vscode.vscode-typescript-next-4.2.20210106/node_modules/typescript/lib/tsserver.js:160134:28)
    at IOSession.Session.executeCommand (/home/ubuntu/.vscode-server/extensions/ms-vscode.vscode-typescript-next-4.2.20210106/node_modules/typescript/lib/tsserver.js:160143:33)
    at IOSession.Session.onMessage (/home/ubuntu/.vscode-server/extensions/ms-vscode.vscode-typescript-next-4.2.20210106/node_modules/typescript/lib/tsserver.js:160169:35)
    at Interface.<anonymous> (/home/ubuntu/.vscode-server/extensions/ms-vscode.vscode-typescript-next-4.2.20210106/node_modules/typescript/lib/tsserver.js:162821:31)
    at Interface.emit (events.js:223:5)
    at Interface._onLine (readline.js:315:10)
    at Interface._normalWrite (readline.js:460:12)
    at Socket.ondata (readline.js:172:10)
    at Socket.emit (events.js:223:5)
    at addChunk (_stream_readable.js:309:12)
    at readableAddChunk (_stream_readable.js:290:11)
    at Socket.Readable.push (_stream_readable.js:224:10)
    at Pipe.onStreamRead (internal/stream_base_commons.js:181:23)
	at Function.create (/home/ubuntu/.vscode-server/bin/ea3859d4ba2f3e577a159bc91e3074c5d85c0523/extensions/typescript-language-features/dist/extension.js:1:76716)
	at dispatchResponse (/home/ubuntu/.vscode-server/bin/ea3859d4ba2f3e577a159bc91e3074c5d85c0523/extensions/typescript-language-features/dist/extension.js:1:70591)
	at dispatchMessage (/home/ubuntu/.vscode-server/bin/ea3859d4ba2f3e577a159bc91e3074c5d85c0523/extensions/typescript-language-features/dist/extension.js:1:69450)
	at /home/ubuntu/.vscode-server/bin/ea3859d4ba2f3e577a159bc91e3074c5d85c0523/extensions/typescript-language-features/dist/extension.js:1:68960
	at l.fire (/home/ubuntu/.vscode-server/bin/ea3859d4ba2f3e577a159bc91e3074c5d85c0523/out/vs/server/remoteExtensionHostProcess.js:46:801)
	at g.onLengthData (/home/ubuntu/.vscode-server/bin/ea3859d4ba2f3e577a159bc91e3074c5d85c0523/extensions/typescript-language-features/dist/extension.js:45:60018)
	at Socket.<anonymous> (/home/ubuntu/.vscode-server/bin/ea3859d4ba2f3e577a159bc91e3074c5d85c0523/extensions/typescript-language-features/dist/extension.js:45:59666)
	at Socket.emit (events.js:223:5)
	at Socket.EventEmitter.emit (domain.js:475:20)
	at addChunk (_stream_readable.js:309:12)
	at readableAddChunk (_stream_readable.js:290:11)
	at Socket.Readable.push (_stream_readable.js:224:10)
	at Pipe.onStreamRead (internal/stream_base_commons.js:181:23)
[2021-01-07 15:26:18.553] [exthost] [error] [vscode.typescript-language-features] provider FAILED
[2021-01-07 15:26:18.553] [exthost] [error] Error: <semantic> TypeScript Server Error (4.2.0-dev.20210106)
Cannot read property '0' of undefined
TypeError: Cannot read property '0' of undefined
    at getModuleSpecifierExpression (/home/ubuntu/.vscode-server/extensions/ms-vscode.vscode-typescript-next-4.2.20210106/node_modules/typescript/lib/tsserver.js:127302:93)
    at compareImportsOrRequireStatements (/home/ubuntu/.vscode-server/extensions/ms-vscode.vscode-typescript-next-4.2.20210106/node_modules/typescript/lib/tsserver.js:127324:78)
    at Object.arrayIsSorted (/home/ubuntu/.vscode-server/extensions/ms-vscode.vscode-typescript-next-4.2.20210106/node_modules/typescript/lib/tsserver.js:880:17)
    at Object.importsAreSorted (/home/ubuntu/.vscode-server/extensions/ms-vscode.vscode-typescript-next-4.2.20210106/node_modules/typescript/lib/tsserver.js:127306:23)
    at Object.insertImports (/home/ubuntu/.vscode-server/extensions/ms-vscode.vscode-typescript-next-4.2.20210106/node_modules/typescript/lib/tsserver.js:116103:65)
    at codeActionForFixWorker (/home/ubuntu/.vscode-server/extensions/ms-vscode.vscode-typescript-next-4.2.20210106/node_modules/typescript/lib/tsserver.js:137782:24)
    at /home/ubuntu/.vscode-server/extensions/ms-vscode.vscode-typescript-next-4.2.20210106/node_modules/typescript/lib/tsserver.js:137758:24
    at Function.ChangeTracker.with (/home/ubuntu/.vscode-server/extensions/ms-vscode.vscode-typescript-next-4.2.20210106/node_modules/typescript/lib/tsserver.js:133652:17)
    at codeActionForFix (/home/ubuntu/.vscode-server/extensions/ms-vscode.vscode-typescript-next-4.2.20210106/node_modules/typescript/lib/tsserver.js:137757:60)
    at Object.getImportCompletionAction (/home/ubuntu/.vscode-server/extensions/ms-vscode.vscode-typescript-next-4.2.20210106/node_modules/typescript/lib/tsserver.js:137349:94)
    at getCompletionEntryCodeActionsAndSourceDisplay (/home/ubuntu/.vscode-server/extensions/ms-vscode.vscode-typescript-next-4.2.20210106/node_modules/typescript/lib/tsserver.js:119463:33)
    at Object.getCompletionEntryDetails (/home/ubuntu/.vscode-server/extensions/ms-vscode.vscode-typescript-next-4.2.20210106/node_modules/typescript/lib/tsserver.js:119427:30)
    at Proxy.getCompletionEntryDetails (/home/ubuntu/.vscode-server/extensions/ms-vscode.vscode-typescript-next-4.2.20210106/node_modules/typescript/lib/tsserver.js:148448:35)
    at /home/ubuntu/.vscode-server/extensions/ms-vscode.vscode-typescript-next-4.2.20210106/node_modules/typescript/lib/tsserver.js:159539:57
    at Object.mapDefined (/home/ubuntu/.vscode-server/extensions/ms-vscode.vscode-typescript-next-4.2.20210106/node_modules/typescript/lib/tsserver.js:612:30)
    at IOSession.Session.getCompletionEntryDetails (/home/ubuntu/.vscode-server/extensions/ms-vscode.vscode-typescript-next-4.2.20210106/node_modules/typescript/lib/tsserver.js:159537:33)
    at Session.handlers.ts.Map.ts.getEntries._a.<computed> (/home/ubuntu/.vscode-server/extensions/ms-vscode.vscode-typescript-next-4.2.20210106/node_modules/typescript/lib/tsserver.js:158398:61)
    at /home/ubuntu/.vscode-server/extensions/ms-vscode.vscode-typescript-next-4.2.20210106/node_modules/typescript/lib/tsserver.js:160143:88
    at IOSession.Session.executeWithRequestId (/home/ubuntu/.vscode-server/extensions/ms-vscode.vscode-typescript-next-4.2.20210106/node_modules/typescript/lib/tsserver.js:160134:28)
    at IOSession.Session.executeCommand (/home/ubuntu/.vscode-server/extensions/ms-vscode.vscode-typescript-next-4.2.20210106/node_modules/typescript/lib/tsserver.js:160143:33)
    at IOSession.Session.onMessage (/home/ubuntu/.vscode-server/extensions/ms-vscode.vscode-typescript-next-4.2.20210106/node_modules/typescript/lib/tsserver.js:160169:35)
    at Interface.<anonymous> (/home/ubuntu/.vscode-server/extensions/ms-vscode.vscode-typescript-next-4.2.20210106/node_modules/typescript/lib/tsserver.js:162821:31)
    at Interface.emit (events.js:223:5)
    at Interface._onLine (readline.js:315:10)
    at Interface._normalWrite (readline.js:460:12)
    at Socket.ondata (readline.js:172:10)
    at Socket.emit (events.js:223:5)
    at addChunk (_stream_readable.js:309:12)
    at readableAddChunk (_stream_readable.js:290:11)
    at Socket.Readable.push (_stream_readable.js:224:10)
    at Pipe.onStreamRead (internal/stream_base_commons.js:181:23)
	at Function.create (/home/ubuntu/.vscode-server/bin/ea3859d4ba2f3e577a159bc91e3074c5d85c0523/extensions/typescript-language-features/dist/extension.js:1:76716)
	at dispatchResponse (/home/ubuntu/.vscode-server/bin/ea3859d4ba2f3e577a159bc91e3074c5d85c0523/extensions/typescript-language-features/dist/extension.js:1:70591)
	at dispatchMessage (/home/ubuntu/.vscode-server/bin/ea3859d4ba2f3e577a159bc91e3074c5d85c0523/extensions/typescript-language-features/dist/extension.js:1:69450)
	at /home/ubuntu/.vscode-server/bin/ea3859d4ba2f3e577a159bc91e3074c5d85c0523/extensions/typescript-language-features/dist/extension.js:1:68960
	at l.fire (/home/ubuntu/.vscode-server/bin/ea3859d4ba2f3e577a159bc91e3074c5d85c0523/out/vs/server/remoteExtensionHostProcess.js:46:801)
	at g.onLengthData (/home/ubuntu/.vscode-server/bin/ea3859d4ba2f3e577a159bc91e3074c5d85c0523/extensions/typescript-language-features/dist/extension.js:45:60018)
	at Socket.<anonymous> (/home/ubuntu/.vscode-server/bin/ea3859d4ba2f3e577a159bc91e3074c5d85c0523/extensions/typescript-language-features/dist/extension.js:45:59666)
	at Socket.emit (events.js:223:5)
	at Socket.EventEmitter.emit (domain.js:475:20)
	at addChunk (_stream_readable.js:309:12)
	at readableAddChunk (_stream_readable.js:290:11)
	at Socket.Readable.push (_stream_readable.js:224:10)
	at Pipe.onStreamRead (internal/stream_base_commons.js:181:23)
