[2021-01-18 08:27:06.754] [exthost] [info] extension host started
[2021-01-18 08:27:06.912] [exthost] [info] ExtensionService#_doActivateExtension vscode.typescript-language-features {"startup":false,"extensionId":{"value":"vscode.typescript-language-features","_lower":"vscode.typescript-language-features"},"activationEvent":"onLanguage:javascript"}
[2021-01-18 08:27:06.913] [exthost] [info] ExtensionService#loadCommonJSModule file:///home/ubuntu/.vscode-server/bin/ea3859d4ba2f3e577a159bc91e3074c5d85c0523/extensions/typescript-language-features/dist/extension
[2021-01-18 08:27:06.936] [exthost] [info] ExtensionService#_doActivateExtension bagonaut.mongogo {"startup":false,"extensionId":{"value":"bagonaut.mongogo","_lower":"bagonaut.mongogo"},"activationEvent":"onLanguage:javascript"}
[2021-01-18 08:27:06.936] [exthost] [info] ExtensionService#loadCommonJSModule file:///home/ubuntu/.vscode-server/extensions/bagonaut.mongogo-0.1.2/out/src/extension
[2021-01-18 08:27:06.937] [exthost] [info] ExtensionService#_doActivateExtension mgmcdermott.vscode-language-babel {"startup":false,"extensionId":{"value":"mgmcdermott.vscode-language-babel","_lower":"mgmcdermott.vscode-language-babel"},"activationEvent":"onLanguage:javascript"}
[2021-01-18 08:27:06.937] [exthost] [info] ExtensionService#loadCommonJSModule file:///home/ubuntu/.vscode-server/extensions/mgmcdermott.vscode-language-babel-0.0.30/dist/extension
[2021-01-18 08:27:06.938] [exthost] [info] ExtensionService#_doActivateExtension sburg.vscode-javascript-booster {"startup":false,"extensionId":{"value":"sburg.vscode-javascript-booster","_lower":"sburg.vscode-javascript-booster"},"activationEvent":"onLanguage:javascript"}
[2021-01-18 08:27:06.938] [exthost] [info] ExtensionService#loadCommonJSModule file:///home/ubuntu/.vscode-server/extensions/sburg.vscode-javascript-booster-14.0.1/dist/extension
[2021-01-18 08:27:06.949] [exthost] [info] ExtensionService#_doActivateExtension Wscats.eno {"startup":false,"extensionId":{"value":"Wscats.eno","_lower":"wscats.eno"},"activationEvent":"onLanguage:javascript"}
[2021-01-18 08:27:06.950] [exthost] [info] ExtensionService#loadCommonJSModule file:///home/ubuntu/.vscode-server/extensions/wscats.eno-2.3.53/out/extension.js
[2021-01-18 08:27:07.828] [exthost] [info] ExtensionService#_doActivateExtension vscode.debug-auto-launch {"startup":true,"extensionId":{"value":"vscode.debug-auto-launch","_lower":"vscode.debug-auto-launch"},"activationEvent":"*"}
[2021-01-18 08:27:07.828] [exthost] [info] ExtensionService#loadCommonJSModule file:///home/ubuntu/.vscode-server/bin/ea3859d4ba2f3e577a159bc91e3074c5d85c0523/extensions/debug-auto-launch/dist/extension
[2021-01-18 08:27:07.830] [exthost] [info] ExtensionService#_doActivateExtension vscode.emmet {"startup":true,"extensionId":{"value":"vscode.emmet","_lower":"vscode.emmet"},"activationEvent":"*"}
[2021-01-18 08:27:07.830] [exthost] [info] ExtensionService#loadCommonJSModule file:///home/ubuntu/.vscode-server/bin/ea3859d4ba2f3e577a159bc91e3074c5d85c0523/extensions/emmet/dist/node/emmetNodeMain
[2021-01-18 08:27:07.850] [exthost] [info] ExtensionService#_doActivateExtension vscode.git {"startup":true,"extensionId":{"value":"vscode.github","_lower":"vscode.github"},"activationEvent":"*"}
[2021-01-18 08:27:07.851] [exthost] [info] ExtensionService#loadCommonJSModule file:///home/ubuntu/.vscode-server/bin/ea3859d4ba2f3e577a159bc91e3074c5d85c0523/extensions/git/dist/main
[2021-01-18 08:27:07.884] [exthost] [info] ExtensionService#_doActivateExtension vscode.merge-conflict {"startup":true,"extensionId":{"value":"vscode.merge-conflict","_lower":"vscode.merge-conflict"},"activationEvent":"*"}
[2021-01-18 08:27:07.885] [exthost] [info] ExtensionService#loadCommonJSModule file:///home/ubuntu/.vscode-server/bin/ea3859d4ba2f3e577a159bc91e3074c5d85c0523/extensions/merge-conflict/dist/mergeConflictMain
[2021-01-18 08:27:07.887] [exthost] [info] ExtensionService#_doActivateExtension vscode.search-result {"startup":true,"extensionId":{"value":"vscode.search-result","_lower":"vscode.search-result"},"activationEvent":"*"}
[2021-01-18 08:27:07.887] [exthost] [info] ExtensionService#loadCommonJSModule file:///home/ubuntu/.vscode-server/bin/ea3859d4ba2f3e577a159bc91e3074c5d85c0523/extensions/search-result/dist/extension.js
[2021-01-18 08:27:07.888] [exthost] [info] ExtensionService#_doActivateExtension chenxsan.vscode-standardjs {"startup":true,"extensionId":{"value":"chenxsan.vscode-standardjs","_lower":"chenxsan.vscode-standardjs"},"activationEvent":"*"}
[2021-01-18 08:27:07.888] [exthost] [info] ExtensionService#loadCommonJSModule file:///home/ubuntu/.vscode-server/extensions/chenxsan.vscode-standardjs-1.4.0/client/out/extension
[2021-01-18 08:27:07.904] [exthost] [info] ExtensionService#_doActivateExtension vscode.npm {"startup":true,"extensionId":{"value":"vscode.npm","_lower":"vscode.npm"},"activationEvent":"workspaceContains:package.json"}
[2021-01-18 08:27:07.904] [exthost] [info] ExtensionService#loadCommonJSModule file:///home/ubuntu/.vscode-server/bin/ea3859d4ba2f3e577a159bc91e3074c5d85c0523/extensions/npm/dist/npmMain
[2021-01-18 08:27:08.084] [exthost] [info] ExtensionService#_doActivateExtension vscode.github {"startup":true,"extensionId":{"value":"vscode.github","_lower":"vscode.github"},"activationEvent":"*"}
[2021-01-18 08:27:08.084] [exthost] [info] ExtensionService#loadCommonJSModule file:///home/ubuntu/.vscode-server/bin/ea3859d4ba2f3e577a159bc91e3074c5d85c0523/extensions/github/dist/extension.js
[2021-01-18 08:27:08.156] [exthost] [info] ExtensionService#_doActivateExtension ms-vscode.js-debug {"startup":false,"extensionId":{"value":"ms-vscode.js-debug","_lower":"ms-vscode.js-debug"},"activationEvent":"onCommand:extension.js-debug.clearAutoAttachVariables"}
[2021-01-18 08:27:08.157] [exthost] [info] ExtensionService#loadCommonJSModule file:///home/ubuntu/.vscode-server/bin/ea3859d4ba2f3e577a159bc91e3074c5d85c0523/extensions/ms-vscode.js-debug/src/extension.js
[2021-01-18 08:27:08.328] [exthost] [info] ExtensionService#_doActivateExtension ms-vscode.js-debug-nightly {"startup":false,"extensionId":{"value":"ms-vscode.js-debug-nightly","_lower":"ms-vscode.js-debug-nightly"},"activationEvent":"onCommand:extension.js-debug.clearAutoAttachVariables"}
[2021-01-18 08:27:08.328] [exthost] [info] ExtensionService#loadCommonJSModule file:///home/ubuntu/.vscode-server/extensions/ms-vscode.js-debug-nightly-2021.1.817/src/extension.js
[2021-01-18 08:27:08.479] [exthost] [info] eager extensions activated
[2021-01-18 08:27:08.546] [exthost] [error] Activating extension ms-vscode.js-debug-nightly failed due to an error:
[2021-01-18 08:27:08.559] [exthost] [error] Error: command 'extension.pwa-node-debug.npmScript' already exists
	at _.registerCommand (/home/ubuntu/.vscode-server/bin/ea3859d4ba2f3e577a159bc91e3074c5d85c0523/out/vs/server/remoteExtensionHostProcess.js:723:970)
	at Object.registerCommand (/home/ubuntu/.vscode-server/bin/ea3859d4ba2f3e577a159bc91e3074c5d85c0523/out/vs/server/remoteExtensionHostProcess.js:1044:634)
	at Object.t.registerCommand (/home/ubuntu/.vscode-server/extensions/ms-vscode.js-debug-nightly-2021.1.817/src/extension.js:1:36043)
	at t.activate (/home/ubuntu/.vscode-server/extensions/ms-vscode.js-debug-nightly-2021.1.817/src/extension.js:7:327779)
	at Function._callActivateOptional (/home/ubuntu/.vscode-server/bin/ea3859d4ba2f3e577a159bc91e3074c5d85c0523/out/vs/server/remoteExtensionHostProcess.js:984:773)
	at Function._callActivate (/home/ubuntu/.vscode-server/bin/ea3859d4ba2f3e577a159bc91e3074c5d85c0523/out/vs/server/remoteExtensionHostProcess.js:984:424)
	at /home/ubuntu/.vscode-server/bin/ea3859d4ba2f3e577a159bc91e3074c5d85c0523/out/vs/server/remoteExtensionHostProcess.js:982:841
	at processTicksAndRejections (internal/process/task_queues.js:94:5)
	at async Promise.all (index 1)
[2021-01-18 08:27:09.125] [exthost] [warning] [Decorations] CAPPING events from decorations provider vscode.git 656
[2021-01-18 08:27:12.724] [exthost] [warning] [Decorations] CAPPING events from decorations provider vscode.git 656
[2021-01-18 08:27:17.903] [exthost] [warning] [Decorations] CAPPING events from decorations provider vscode.git 656
[2021-01-18 08:27:36.315] [exthost] [warning] [Decorations] CAPPING events from decorations provider vscode.git 659
[2021-01-18 08:27:41.480] [exthost] [warning] [Decorations] CAPPING events from decorations provider vscode.git 659
[2021-01-18 08:27:43.244] [exthost] [info] ExtensionService#_doActivateExtension vscode.extension-editing {"startup":false,"extensionId":{"value":"vscode.extension-editing","_lower":"vscode.extension-editing"},"activationEvent":"onLanguage:typescript"}
[2021-01-18 08:27:43.245] [exthost] [info] ExtensionService#loadCommonJSModule file:///home/ubuntu/.vscode-server/bin/ea3859d4ba2f3e577a159bc91e3074c5d85c0523/extensions/extension-editing/dist/extensionEditingMain
[2021-01-18 08:27:46.661] [exthost] [warning] [Decorations] CAPPING events from decorations provider vscode.git 659
[2021-01-18 08:27:51.861] [exthost] [warning] [Decorations] CAPPING events from decorations provider vscode.git 659
[2021-01-18 08:27:57.059] [exthost] [warning] [Decorations] CAPPING events from decorations provider vscode.git 659
[2021-01-18 08:28:02.244] [exthost] [warning] [Decorations] CAPPING events from decorations provider vscode.git 659
[2021-01-18 08:28:07.433] [exthost] [warning] [Decorations] CAPPING events from decorations provider vscode.git 659
[2021-01-18 08:28:12.611] [exthost] [warning] [Decorations] CAPPING events from decorations provider vscode.git 659
[2021-01-18 08:28:17.790] [exthost] [warning] [Decorations] CAPPING events from decorations provider vscode.git 659
[2021-01-18 08:28:33.596] [exthost] [warning] [Decorations] CAPPING events from decorations provider vscode.git 659
[2021-01-18 08:29:01.474] [exthost] [warning] [Decorations] CAPPING events from decorations provider vscode.git 661
[2021-01-18 08:37:07.163] [exthost] [warning] [Decorations] CAPPING events from decorations provider vscode.git 661
[2021-01-18 08:37:12.319] [exthost] [warning] [Decorations] CAPPING events from decorations provider vscode.git 661
[2021-01-18 08:37:17.512] [exthost] [warning] [Decorations] CAPPING events from decorations provider vscode.git 661
[2021-01-18 08:38:33.543] [exthost] [warning] [Decorations] CAPPING events from decorations provider vscode.git 661
[2021-01-18 08:38:39.102] [exthost] [warning] [Decorations] CAPPING events from decorations provider vscode.git 661
[2021-01-18 08:38:44.272] [exthost] [warning] [Decorations] CAPPING events from decorations provider vscode.git 661
[2021-01-18 08:38:49.441] [exthost] [warning] [Decorations] CAPPING events from decorations provider vscode.git 661
[2021-01-18 08:38:54.616] [exthost] [warning] [Decorations] CAPPING events from decorations provider vscode.git 661
[2021-01-18 08:38:59.561] [exthost] [info] ExtensionService#_doActivateExtension vscode.configuration-editing {"startup":false,"extensionId":{"value":"vscode.configuration-editing","_lower":"vscode.configuration-editing"},"activationEvent":"onLanguage:json"}
[2021-01-18 08:38:59.562] [exthost] [info] ExtensionService#loadCommonJSModule file:///home/ubuntu/.vscode-server/bin/ea3859d4ba2f3e577a159bc91e3074c5d85c0523/extensions/configuration-editing/dist/configurationEditingMain
[2021-01-18 08:38:59.568] [exthost] [info] ExtensionService#_doActivateExtension vscode.json-language-features {"startup":false,"extensionId":{"value":"vscode.json-language-features","_lower":"vscode.json-language-features"},"activationEvent":"onLanguage:json"}
[2021-01-18 08:38:59.568] [exthost] [info] ExtensionService#loadCommonJSModule file:///home/ubuntu/.vscode-server/bin/ea3859d4ba2f3e577a159bc91e3074c5d85c0523/extensions/json-language-features/client/dist/node/jsonClientMain
[2021-01-18 08:38:59.593] [exthost] [info] ExtensionService#_doActivateExtension mongodb.mongodb-vscode {"startup":false,"extensionId":{"value":"mongodb.mongodb-vscode","_lower":"mongodb.mongodb-vscode"},"activationEvent":"onLanguage:json"}
[2021-01-18 08:38:59.593] [exthost] [info] ExtensionService#loadCommonJSModule file:///home/ubuntu/.vscode-server/extensions/mongodb.mongodb-vscode-0.3.0/dist/extension.js
[2021-01-18 08:39:00.095] [exthost] [warning] [Decorations] CAPPING events from decorations provider vscode.git 662
[2021-01-18 08:39:05.296] [exthost] [warning] [Decorations] CAPPING events from decorations provider vscode.git 664
[2021-01-18 08:39:10.486] [exthost] [warning] [Decorations] CAPPING events from decorations provider vscode.git 664
[2021-01-18 08:39:15.670] [exthost] [warning] [Decorations] CAPPING events from decorations provider vscode.git 664
[2021-01-18 08:39:20.858] [exthost] [warning] [Decorations] CAPPING events from decorations provider vscode.git 664
[2021-01-18 08:40:10.888] [exthost] [warning] [Decorations] CAPPING events from decorations provider vscode.git 664
[2021-01-18 08:40:16.070] [exthost] [warning] [Decorations] CAPPING events from decorations provider vscode.git 664
[2021-01-18 08:40:21.253] [exthost] [warning] [Decorations] CAPPING events from decorations provider vscode.git 664
[2021-01-18 08:40:26.425] [exthost] [warning] [Decorations] CAPPING events from decorations provider vscode.git 664
[2021-01-18 08:40:31.591] [exthost] [warning] [Decorations] CAPPING events from decorations provider vscode.git 664
[2021-01-18 08:40:36.772] [exthost] [warning] [Decorations] CAPPING events from decorations provider vscode.git 664
[2021-01-18 08:40:41.952] [exthost] [warning] [Decorations] CAPPING events from decorations provider vscode.git 664
[2021-01-18 08:40:47.131] [exthost] [warning] [Decorations] CAPPING events from decorations provider vscode.git 664
[2021-01-18 08:40:52.314] [exthost] [warning] [Decorations] CAPPING events from decorations provider vscode.git 664
[2021-01-18 08:44:30.207] [exthost] [warning] [Decorations] CAPPING events from decorations provider vscode.git 664
[2021-01-18 08:44:35.399] [exthost] [warning] [Decorations] CAPPING events from decorations provider vscode.git 664
[2021-01-18 08:44:40.577] [exthost] [warning] [Decorations] CAPPING events from decorations provider vscode.git 664
[2021-01-18 08:44:46.482] [exthost] [warning] [Decorations] CAPPING events from decorations provider vscode.git 664
[2021-01-18 08:44:51.647] [exthost] [warning] [Decorations] CAPPING events from decorations provider vscode.git 664
[2021-01-18 08:44:59.648] [exthost] [warning] [Decorations] CAPPING events from decorations provider vscode.git 664
[2021-01-18 08:57:32.032] [exthost] [warning] [Decorations] CAPPING events from decorations provider vscode.git 664
[2021-01-18 08:57:37.204] [exthost] [warning] [Decorations] CAPPING events from decorations provider vscode.git 664
[2021-01-18 08:57:42.378] [exthost] [warning] [Decorations] CAPPING events from decorations provider vscode.git 664
[2021-01-18 08:57:47.573] [exthost] [warning] [Decorations] CAPPING events from decorations provider vscode.git 664
[2021-01-18 08:57:52.753] [exthost] [warning] [Decorations] CAPPING events from decorations provider vscode.git 664
[2021-01-18 08:57:57.931] [exthost] [warning] [Decorations] CAPPING events from decorations provider vscode.git 664
[2021-01-18 08:58:03.109] [exthost] [warning] [Decorations] CAPPING events from decorations provider vscode.git 664
[2021-01-18 08:58:08.294] [exthost] [warning] [Decorations] CAPPING events from decorations provider vscode.git 664
[2021-01-18 08:58:13.482] [exthost] [warning] [Decorations] CAPPING events from decorations provider vscode.git 664
[2021-01-18 08:58:18.710] [exthost] [warning] [Decorations] CAPPING events from decorations provider vscode.git 664
[2021-01-18 08:58:23.899] [exthost] [warning] [Decorations] CAPPING events from decorations provider vscode.git 664
[2021-01-18 08:58:29.085] [exthost] [warning] [Decorations] CAPPING events from decorations provider vscode.git 664
[2021-01-18 08:58:34.266] [exthost] [warning] [Decorations] CAPPING events from decorations provider vscode.git 664
[2021-01-18 08:58:39.456] [exthost] [warning] [Decorations] CAPPING events from decorations provider vscode.git 664
[2021-01-18 08:58:44.663] [exthost] [warning] [Decorations] CAPPING events from decorations provider vscode.git 664
[2021-01-18 08:58:49.863] [exthost] [warning] [Decorations] CAPPING events from decorations provider vscode.git 664
[2021-01-18 08:58:55.029] [exthost] [warning] [Decorations] CAPPING events from decorations provider vscode.git 664
[2021-01-18 08:59:00.192] [exthost] [warning] [Decorations] CAPPING events from decorations provider vscode.git 664
[2021-01-18 08:59:05.355] [exthost] [warning] [Decorations] CAPPING events from decorations provider vscode.git 664
[2021-01-18 08:59:10.523] [exthost] [warning] [Decorations] CAPPING events from decorations provider vscode.git 664
[2021-01-18 08:59:15.738] [exthost] [warning] [Decorations] CAPPING events from decorations provider vscode.git 664
[2021-01-18 08:59:20.893] [exthost] [warning] [Decorations] CAPPING events from decorations provider vscode.git 590
[2021-01-18 08:59:26.061] [exthost] [warning] [Decorations] CAPPING events from decorations provider vscode.git 590
[2021-01-18 08:59:31.235] [exthost] [warning] [Decorations] CAPPING events from decorations provider vscode.git 590
[2021-01-18 08:59:36.402] [exthost] [warning] [Decorations] CAPPING events from decorations provider vscode.git 590
[2021-01-18 08:59:41.549] [exthost] [warning] [Decorations] CAPPING events from decorations provider vscode.git 625
