2021-01-18T02:19:00.611Z: Running in production mode.
2021-01-18T02:19:00.617Z: 35 code actions loaded.
2021-01-18T03:32:26.800Z: Syntax error in file file:///home/ubuntu/app.js (32:0).
2021-01-18T03:32:32.330Z: Syntax error in file file:///home/ubuntu/app.js (31:1).
2021-01-18T03:32:36.359Z: Syntax error in file file:///home/ubuntu/app.js (32:0).
2021-01-18T03:32:40.910Z: Syntax error in file file:///home/ubuntu/app.js (32:0).
2021-01-18T03:32:45.518Z: Syntax error in file file:///home/ubuntu/app.js (32:0).
2021-01-18T03:32:51.267Z: Syntax error in file file:///home/ubuntu/app.js (33:0).
2021-01-18T03:32:53.511Z: Syntax error in file file:///home/ubuntu/app.js (32:1).
2021-01-18T03:32:56.659Z: Syntax error in file file:///home/ubuntu/app.js (33:0).
2021-01-18T03:32:59.689Z: Syntax error in file file:///home/ubuntu/app.js (33:0).
2021-01-18T03:33:01.309Z: Syntax error in file file:///home/ubuntu/app.js (32:1).
2021-01-18T03:33:04.123Z: Syntax error in file file:///home/ubuntu/app.js (33:0).
2021-01-18T03:33:15.429Z: Syntax error in file file:///home/ubuntu/app.js (34:0).
2021-01-18T03:33:18.375Z: Syntax error in file file:///home/ubuntu/app.js (34:0).
2021-01-18T03:33:28.570Z: File now valid: file:///home/ubuntu/app.js.
2021-01-18T03:34:27.315Z: Syntax error in file file:///home/ubuntu/app.js (40:0).
2021-01-18T03:34:29.605Z: File now valid: file:///home/ubuntu/app.js.
2021-01-18T03:39:10.985Z: Syntax error in file file:///home/ubuntu/app.js (33:0).
2021-01-18T03:39:13.820Z: File now valid: file:///home/ubuntu/app.js.
2021-01-18T03:45:31.434Z: File now valid: file:///home/ubuntu/models/event.js.
2021-01-18T03:45:37.189Z: File now valid: file:///home/ubuntu/models/event.js.
2021-01-18T04:04:23.880Z: Syntax error in file file:///home/ubuntu/routes/event_middleware.js (26:21).
2021-01-18T04:04:44.358Z: Syntax error in file file:///home/ubuntu/routes/event_middleware.js (26:21).
2021-01-18T04:04:48.696Z: Syntax error in file file:///home/ubuntu/routes/event_middleware.js (26:21).
2021-01-18T04:04:51.615Z: Syntax error in file file:///home/ubuntu/routes/event_middleware.js (26:20).
2021-01-18T04:04:54.924Z: File now valid: file:///home/ubuntu/routes/event_middleware.js.
2021-01-18T04:08:03.718Z: Syntax error in file file:///home/ubuntu/routes/image_middleware.js (38:6).
2021-01-18T04:08:18.206Z: Syntax error in file file:///home/ubuntu/routes/image_middleware.js (18:6).
2021-01-18T04:08:22.546Z: Syntax error in file file:///home/ubuntu/routes/image_middleware.js (18:6).
2021-01-18T04:08:33.673Z: Syntax error in file file:///home/ubuntu/routes/image_middleware.js (20:19).
2021-01-18T04:08:38.495Z: Syntax error in file file:///home/ubuntu/routes/image_middleware.js (19:19).
2021-01-18T04:09:58.808Z: Syntax error in file file:///home/ubuntu/app.js (42:0).
2021-01-18T04:10:00.711Z: File now valid: file:///home/ubuntu/app.js.
2021-01-18T04:10:02.476Z: Syntax error in file file:///home/ubuntu/app.js (42:0).
2021-01-18T04:10:04.495Z: File now valid: file:///home/ubuntu/app.js.
2021-01-18T04:10:41.074Z: Syntax error in file file:///home/ubuntu/routes/image_middleware.js (20:0).
2021-01-18T04:10:53.484Z: Syntax error in file file:///home/ubuntu/routes/image_middleware.js (20:0).
2021-01-18T04:10:56.598Z: File now valid: file:///home/ubuntu/routes/image_middleware.js.
2021-01-18T04:11:21.223Z: Syntax error in file file:///home/ubuntu/routes/image_middleware.js (35:1).
2021-01-18T04:11:26.476Z: File now valid: file:///home/ubuntu/routes/image_middleware.js.
2021-01-18T04:12:52.053Z: Syntax error in file file:///home/ubuntu/routes/image_middleware.js (19:45).
2021-01-18T04:12:57.966Z: Syntax error in file file:///home/ubuntu/routes/image_middleware.js (36:0).
2021-01-18T04:13:06.508Z: Syntax error in file file:///home/ubuntu/routes/image_middleware.js (36:0).
2021-01-18T04:13:08.154Z: Syntax error in file file:///home/ubuntu/routes/image_middleware.js (34:0).
2021-01-18T04:13:16.198Z: Syntax error in file file:///home/ubuntu/routes/image_middleware.js (34:0).
2021-01-18T04:13:18.571Z: Syntax error in file file:///home/ubuntu/routes/image_middleware.js (34:0).
2021-01-18T04:13:25.502Z: File now valid: file:///home/ubuntu/routes/image_middleware.js.
2021-01-18T04:15:30.425Z: File now valid: file:///home/ubuntu/app.js.
2021-01-18T04:41:43.930Z: Syntax error in file file:///home/ubuntu/app.js (40:0).
2021-01-18T04:41:48.636Z: Syntax error in file file:///home/ubuntu/app.js (40:0).
2021-01-18T04:41:50.964Z: Syntax error in file file:///home/ubuntu/app.js (40:0).
2021-01-18T04:41:52.511Z: Syntax error in file file:///home/ubuntu/app.js (40:0).
2021-01-18T04:41:57.943Z: Syntax error in file file:///home/ubuntu/app.js (81:0).
2021-01-18T04:42:15.260Z: File now valid: file:///home/ubuntu/app.js.
2021-01-18T04:45:00.678Z: Syntax error in file file:///home/ubuntu/app.js (72:18).
2021-01-18T04:45:06.510Z: File now valid: file:///home/ubuntu/app.js.
2021-01-18T04:45:58.294Z: Syntax error in file file:///home/ubuntu/app.js (53:9).
2021-01-18T04:45:59.802Z: File now valid: file:///home/ubuntu/app.js.
2021-01-18T04:50:40.276Z: Syntax error in file file:///home/ubuntu/routes/event_middleware.js (31:70).
2021-01-18T04:50:46.195Z: File now valid: file:///home/ubuntu/routes/event_middleware.js.
2021-01-18T04:51:40.598Z: Syntax error in file file:///home/ubuntu/routes/event_middleware.js (47:26).
2021-01-18T04:52:33.955Z: Syntax error in file file:///home/ubuntu/routes/event_middleware.js (47:26).
2021-01-18T04:52:56.186Z: Syntax error in file file:///home/ubuntu/routes/event_middleware.js (47:20).
2021-01-18T04:52:59.521Z: File now valid: file:///home/ubuntu/routes/event_middleware.js.
2021-01-18T04:55:20.662Z: Syntax error in file file:///home/ubuntu/app.js (65:1).
2021-01-18T04:55:23.866Z: Syntax error in file file:///home/ubuntu/app.js (65:1).
2021-01-18T04:55:43.865Z: Syntax error in file file:///home/ubuntu/app.js (64:1).
2021-01-18T04:56:12.104Z: File now valid: file:///home/ubuntu/app.js.
2021-01-18T04:56:29.328Z: Syntax error in file file:///home/ubuntu/routes/event_middleware.js (41:28).
2021-01-18T04:56:31.108Z: Syntax error in file file:///home/ubuntu/routes/event_middleware.js (41:49).
2021-01-18T04:56:33.021Z: File now valid: file:///home/ubuntu/routes/event_middleware.js.
2021-01-18T04:58:57.238Z: Syntax error in file file:///home/ubuntu/routes/event_middleware.js (41:34).
2021-01-18T04:58:59.229Z: File now valid: file:///home/ubuntu/routes/event_middleware.js.
2021-01-18T05:14:51.074Z: File now valid: file:///home/ubuntu/models/event.js.
2021-01-18T05:17:21.582Z: Syntax error in file file:///home/ubuntu/routes/event_middleware.js (32:30).
2021-01-18T05:17:24.488Z: Syntax error in file file:///home/ubuntu/routes/event_middleware.js (32:16).
2021-01-18T05:17:27.380Z: File now valid: file:///home/ubuntu/routes/event_middleware.js.
2021-01-18T05:18:22.674Z: Syntax error in file file:///home/ubuntu/routes/event_middleware.js (32:2).
2021-01-18T05:18:27.507Z: Syntax error in file file:///home/ubuntu/routes/event_middleware.js (32:2).
2021-01-18T05:18:29.927Z: Syntax error in file file:///home/ubuntu/routes/event_middleware.js (49:2).
2021-01-18T05:18:32.940Z: Syntax error in file file:///home/ubuntu/routes/event_middleware.js (49:2).
2021-01-18T05:18:37.433Z: Syntax error in file file:///home/ubuntu/routes/event_middleware.js (49:2).
2021-01-18T05:18:39.568Z: Syntax error in file file:///home/ubuntu/routes/event_middleware.js (18:4).
2021-01-18T05:18:41.978Z: Syntax error in file file:///home/ubuntu/routes/event_middleware.js (50:2).
2021-01-18T05:18:57.429Z: Syntax error in file file:///home/ubuntu/routes/event_middleware.js (50:2).
2021-01-18T05:19:00.989Z: Syntax error in file file:///home/ubuntu/routes/event_middleware.js (48:2).
2021-01-18T05:19:09.049Z: Syntax error in file file:///home/ubuntu/routes/event_middleware.js (51:2).
2021-01-18T05:19:10.800Z: Syntax error in file file:///home/ubuntu/routes/event_middleware.js (51:2).
2021-01-18T05:19:21.193Z: Syntax error in file file:///home/ubuntu/routes/event_middleware.js (76:0).
2021-01-18T05:19:24.859Z: Syntax error in file file:///home/ubuntu/routes/event_middleware.js (76:0).
2021-01-18T05:20:16.380Z: File now valid: file:///home/ubuntu/routes/event_middleware.js.
2021-01-18T05:20:46.856Z: Syntax error in file file:///home/ubuntu/routes/event_middleware.js (61:23).
2021-01-18T05:20:48.441Z: File now valid: file:///home/ubuntu/routes/event_middleware.js.
2021-01-18T05:22:23.115Z: File now valid: file:///home/ubuntu/routes/event_middleware.js.
2021-01-18T05:26:02.991Z: Syntax error in file file:///home/ubuntu/routes/event_middleware.js (26:32).
2021-01-18T05:26:09.183Z: Syntax error in file file:///home/ubuntu/routes/event_middleware.js (26:32).
2021-01-18T05:26:12.982Z: Syntax error in file file:///home/ubuntu/routes/event_middleware.js (26:32).
2021-01-18T05:26:15.371Z: Syntax error in file file:///home/ubuntu/routes/event_middleware.js (26:32).
2021-01-18T05:26:20.741Z: Syntax error in file file:///home/ubuntu/routes/event_middleware.js (26:32).
2021-01-18T05:26:24.568Z: Syntax error in file file:///home/ubuntu/routes/event_middleware.js (26:32).
2021-01-18T05:26:32.499Z: Syntax error in file file:///home/ubuntu/routes/event_middleware.js (26:32).
2021-01-18T05:26:38.251Z: File now valid: file:///home/ubuntu/routes/event_middleware.js.
2021-01-18T05:27:13.959Z: Syntax error in file file:///home/ubuntu/routes/event_middleware.js (46:1).
2021-01-18T05:27:16.637Z: Syntax error in file file:///home/ubuntu/routes/event_middleware.js (46:1).
2021-01-18T05:27:27.107Z: Syntax error in file file:///home/ubuntu/routes/event_middleware.js (46:1).
2021-01-18T05:27:30.908Z: Syntax error in file file:///home/ubuntu/routes/event_middleware.js (18:50).
2021-01-18T05:27:38.352Z: Syntax error in file file:///home/ubuntu/routes/event_middleware.js (20:11).
2021-01-18T05:27:42.107Z: File now valid: file:///home/ubuntu/routes/event_middleware.js.
2021-01-18T05:28:14.636Z: Syntax error in file file:///home/ubuntu/routes/event_middleware.js (18:50).
2021-01-18T05:28:19.696Z: File now valid: file:///home/ubuntu/routes/event_middleware.js.
2021-01-18T05:28:59.264Z: Syntax error in file file:///home/ubuntu/routes/event_middleware.js (72:1).
2021-01-18T05:29:08.402Z: File now valid: file:///home/ubuntu/routes/event_middleware.js.
2021-01-18T05:29:18.677Z: Syntax error in file file:///home/ubuntu/routes/event_middleware.js (72:1).
2021-01-18T05:29:21.579Z: File now valid: file:///home/ubuntu/routes/event_middleware.js.
2021-01-18T05:29:23.435Z: Syntax error in file file:///home/ubuntu/routes/event_middleware.js (51:2).
2021-01-18T05:29:27.105Z: File now valid: file:///home/ubuntu/routes/event_middleware.js.
2021-01-18T05:29:30.238Z: Syntax error in file file:///home/ubuntu/routes/event_middleware.js (41:49).
2021-01-18T05:29:32.294Z: File now valid: file:///home/ubuntu/routes/event_middleware.js.
2021-01-18T05:33:05.940Z: File now valid: file:///home/ubuntu/routes/event_middleware.js.
2021-01-18T05:33:36.579Z: File now valid: file:///home/ubuntu/routes/event_middleware.js.
2021-01-18T05:34:15.567Z: File now valid: file:///home/ubuntu/routes/event_middleware.js.
2021-01-18T06:38:06.151Z: Syntax error in file file:///home/ubuntu/app.js (36:0).
2021-01-18T06:38:20.842Z: File now valid: file:///home/ubuntu/app.js.
2021-01-18T06:51:58.101Z: Syntax error in file file:///home/ubuntu/app.js (57:18).
2021-01-18T06:52:08.179Z: File now valid: file:///home/ubuntu/app.js.
2021-01-18T06:55:55.219Z: Syntax error in file file:///home/ubuntu/app.js (22:15).
2021-01-18T06:55:57.920Z: Syntax error in file file:///home/ubuntu/app.js (22:18).
2021-01-18T06:55:59.811Z: File now valid: file:///home/ubuntu/app.js.
2021-01-18T06:57:00.300Z: File now valid: file:///home/ubuntu/app.js.
2021-01-18T06:57:04.403Z: File now valid: file:///home/ubuntu/app.js.
2021-01-18T06:57:41.940Z: Syntax error in file file:///home/ubuntu/app.js (54:23).
2021-01-18T06:57:43.669Z: File now valid: file:///home/ubuntu/app.js.
2021-01-18T07:09:21.647Z: File now valid: file:///home/ubuntu/app.js.
2021-01-18T07:09:43.217Z: File now valid: file:///home/ubuntu/app.js.
2021-01-18T07:10:33.345Z: File now valid: file:///home/ubuntu/app.js.
2021-01-18T07:10:44.747Z: Syntax error in file file:///home/ubuntu/app.js (61:19).
2021-01-18T07:10:46.367Z: File now valid: file:///home/ubuntu/app.js.
2021-01-18T07:11:48.701Z: Syntax error in file file:///home/ubuntu/app.js (19:0).
2021-01-18T07:11:50.783Z: Syntax error in file file:///home/ubuntu/app.js (19:0).
2021-01-18T07:12:10.489Z: Syntax error in file file:///home/ubuntu/app.js (19:0).
2021-01-18T07:12:17.834Z: Syntax error in file file:///home/ubuntu/app.js (19:0).
2021-01-18T07:12:19.424Z: Syntax error in file file:///home/ubuntu/app.js (19:0).
2021-01-18T07:12:25.166Z: File now valid: file:///home/ubuntu/app.js.
2021-01-18T07:20:43.816Z: File now valid: file:///home/ubuntu/routes/event_middleware.js.
2021-01-18T07:20:49.588Z: File now valid: file:///home/ubuntu/routes/event_middleware.js.
2021-01-18T07:21:16.442Z: Syntax error in file file:///home/ubuntu/routes/event_middleware.js (40:40).
2021-01-18T07:21:18.208Z: File now valid: file:///home/ubuntu/routes/event_middleware.js.
2021-01-18T07:24:10.313Z: Syntax error in file file:///home/ubuntu/routes/event_middleware.js (41:48).
2021-01-18T07:24:13.715Z: File now valid: file:///home/ubuntu/routes/event_middleware.js.
2021-01-18T07:24:32.993Z: Syntax error in file file:///home/ubuntu/routes/event_middleware.js (43:4).
2021-01-18T07:24:36.523Z: Syntax error in file file:///home/ubuntu/routes/event_middleware.js (44:4).
2021-01-18T07:24:38.360Z: File now valid: file:///home/ubuntu/routes/event_middleware.js.
2021-01-18T07:24:52.550Z: Syntax error in file file:///home/ubuntu/routes/event_middleware.js (47:3).
2021-01-18T07:24:56.173Z: File now valid: file:///home/ubuntu/routes/event_middleware.js.
2021-01-18T07:32:35.185Z: File now valid: file:///home/ubuntu/routes/event_middleware.js.
