Looking for git in: git
Using git 2.17.1 from git
> git rev-parse --git-dir
Open repository: /home/ubuntu
> git status -z -u
> git show --textconv :app.js
> git ls-files --stage -- /home/ubuntu/app.js
> git check-ignore -v -z --stdin
> git check-ignore -v -z --stdin
> git ls-files --stage -- /home/ubuntu/app.js
> git show --textconv :app.js
> git check-ignore -v -z --stdin
> git ls-files --stage -- /home/ubuntu/app.js
> git show --textconv :app.js
> git ls-files --stage -- /home/ubuntu/app.js
> git show --textconv :app.js
> git ls-files --stage -- /home/ubuntu/app.js
> git show --textconv :app.js
> git ls-files --stage -- /home/ubuntu/app.js
> git show --textconv :app.js
> git ls-files --stage -- /home/ubuntu/app.js
> git show --textconv :app.js
