[2021-01-07 06:33:57.635] [exthost] [info] extension host started
[2021-01-07 06:33:57.663] [exthost] [info] ExtensionService#_doActivateExtension vscode.debug-auto-launch {"startup":true,"extensionId":{"value":"vscode.debug-auto-launch","_lower":"vscode.debug-auto-launch"},"activationEvent":"*"}
[2021-01-07 06:33:57.664] [exthost] [info] ExtensionService#loadCommonJSModule file:///home/ubuntu/.vscode-server/bin/ea3859d4ba2f3e577a159bc91e3074c5d85c0523/extensions/debug-auto-launch/dist/extension
[2021-01-07 06:33:57.667] [exthost] [info] ExtensionService#_doActivateExtension vscode.emmet {"startup":true,"extensionId":{"value":"vscode.emmet","_lower":"vscode.emmet"},"activationEvent":"*"}
[2021-01-07 06:33:57.667] [exthost] [info] ExtensionService#loadCommonJSModule file:///home/ubuntu/.vscode-server/bin/ea3859d4ba2f3e577a159bc91e3074c5d85c0523/extensions/emmet/dist/node/emmetNodeMain
[2021-01-07 06:33:57.691] [exthost] [info] ExtensionService#_doActivateExtension vscode.git {"startup":true,"extensionId":{"value":"vscode.github","_lower":"vscode.github"},"activationEvent":"*"}
[2021-01-07 06:33:57.691] [exthost] [info] ExtensionService#loadCommonJSModule file:///home/ubuntu/.vscode-server/bin/ea3859d4ba2f3e577a159bc91e3074c5d85c0523/extensions/git/dist/main
[2021-01-07 06:33:57.728] [exthost] [info] ExtensionService#_doActivateExtension vscode.merge-conflict {"startup":true,"extensionId":{"value":"vscode.merge-conflict","_lower":"vscode.merge-conflict"},"activationEvent":"*"}
[2021-01-07 06:33:57.728] [exthost] [info] ExtensionService#loadCommonJSModule file:///home/ubuntu/.vscode-server/bin/ea3859d4ba2f3e577a159bc91e3074c5d85c0523/extensions/merge-conflict/dist/mergeConflictMain
[2021-01-07 06:33:57.730] [exthost] [info] ExtensionService#_doActivateExtension vscode.search-result {"startup":true,"extensionId":{"value":"vscode.search-result","_lower":"vscode.search-result"},"activationEvent":"*"}
[2021-01-07 06:33:57.730] [exthost] [info] ExtensionService#loadCommonJSModule file:///home/ubuntu/.vscode-server/bin/ea3859d4ba2f3e577a159bc91e3074c5d85c0523/extensions/search-result/dist/extension.js
[2021-01-07 06:33:57.863] [exthost] [info] ExtensionService#_doActivateExtension vscode.github {"startup":true,"extensionId":{"value":"vscode.github","_lower":"vscode.github"},"activationEvent":"*"}
[2021-01-07 06:33:57.863] [exthost] [info] ExtensionService#loadCommonJSModule file:///home/ubuntu/.vscode-server/bin/ea3859d4ba2f3e577a159bc91e3074c5d85c0523/extensions/github/dist/extension.js
[2021-01-07 06:33:57.868] [exthost] [info] ExtensionService#_doActivateExtension ms-vscode.js-debug {"startup":false,"extensionId":{"value":"ms-vscode.js-debug","_lower":"ms-vscode.js-debug"},"activationEvent":"onCommand:extension.js-debug.clearAutoAttachVariables"}
[2021-01-07 06:33:57.868] [exthost] [info] ExtensionService#loadCommonJSModule file:///home/ubuntu/.vscode-server/bin/ea3859d4ba2f3e577a159bc91e3074c5d85c0523/extensions/ms-vscode.js-debug/src/extension.js
[2021-01-07 06:33:58.032] [exthost] [info] eager extensions activated
[2021-01-07 06:34:01.027] [exthost] [info] ExtensionService#_doActivateExtension vscode.configuration-editing {"startup":false,"extensionId":{"value":"vscode.configuration-editing","_lower":"vscode.configuration-editing"},"activationEvent":"onLanguage:jsonc"}
[2021-01-07 06:34:01.027] [exthost] [info] ExtensionService#loadCommonJSModule file:///home/ubuntu/.vscode-server/bin/ea3859d4ba2f3e577a159bc91e3074c5d85c0523/extensions/configuration-editing/dist/configurationEditingMain
[2021-01-07 06:34:01.031] [exthost] [info] ExtensionService#_doActivateExtension vscode.json-language-features {"startup":false,"extensionId":{"value":"vscode.json-language-features","_lower":"vscode.json-language-features"},"activationEvent":"onLanguage:jsonc"}
[2021-01-07 06:34:01.031] [exthost] [info] ExtensionService#loadCommonJSModule file:///home/ubuntu/.vscode-server/bin/ea3859d4ba2f3e577a159bc91e3074c5d85c0523/extensions/json-language-features/client/dist/node/jsonClientMain
[2021-01-07 06:34:01.057] [exthost] [info] ExtensionService#_doActivateExtension vscode.typescript-language-features {"startup":false,"extensionId":{"value":"vscode.typescript-language-features","_lower":"vscode.typescript-language-features"},"activationEvent":"onLanguage:jsonc"}
[2021-01-07 06:34:01.057] [exthost] [info] ExtensionService#loadCommonJSModule file:///home/ubuntu/.vscode-server/bin/ea3859d4ba2f3e577a159bc91e3074c5d85c0523/extensions/typescript-language-features/dist/extension
[2021-01-07 06:36:35.644] [exthost] [info] ExtensionService#_doActivateExtension bagonaut.mongogo {"startup":false,"extensionId":{"value":"bagonaut.mongogo","_lower":"bagonaut.mongogo"},"activationEvent":"onLanguage:javascript"}
[2021-01-07 06:36:35.644] [exthost] [info] ExtensionService#loadCommonJSModule file:///home/ubuntu/.vscode-server/extensions/bagonaut.mongogo-0.1.2/out/src/extension
[2021-01-07 06:36:36.394] [exthost] [info] ExtensionService#_doActivateExtension mgmcdermott.vscode-language-babel {"startup":false,"extensionId":{"value":"mgmcdermott.vscode-language-babel","_lower":"mgmcdermott.vscode-language-babel"},"activationEvent":"onLanguage:javascript"}
[2021-01-07 06:36:36.394] [exthost] [info] ExtensionService#loadCommonJSModule file:///home/ubuntu/.vscode-server/extensions/mgmcdermott.vscode-language-babel-0.0.30/dist/extension
[2021-01-07 06:36:38.149] [exthost] [info] ExtensionService#_doActivateExtension sburg.vscode-javascript-booster {"startup":false,"extensionId":{"value":"sburg.vscode-javascript-booster","_lower":"sburg.vscode-javascript-booster"},"activationEvent":"onLanguage:javascript"}
[2021-01-07 06:36:38.149] [exthost] [info] ExtensionService#loadCommonJSModule file:///home/ubuntu/.vscode-server/extensions/sburg.vscode-javascript-booster-14.0.1/dist/extension
[2021-01-07 06:36:39.179] [exthost] [info] ExtensionService#_doActivateExtension ms-vscode.js-debug-nightly {"startup":false,"extensionId":{"value":"ms-vscode.js-debug-nightly","_lower":"ms-vscode.js-debug-nightly"},"activationEvent":"onCommand:extension.js-debug.clearAutoAttachVariables"}
[2021-01-07 06:36:39.179] [exthost] [info] ExtensionService#loadCommonJSModule file:///home/ubuntu/.vscode-server/extensions/ms-vscode.js-debug-nightly-2021.1.417/src/extension.js
[2021-01-07 06:36:39.410] [exthost] [error] Activating extension ms-vscode.js-debug-nightly failed due to an error:
[2021-01-07 06:36:39.413] [exthost] [error] Error: command 'extension.pwa-node-debug.npmScript' already exists
	at _.registerCommand (/home/ubuntu/.vscode-server/bin/ea3859d4ba2f3e577a159bc91e3074c5d85c0523/out/vs/server/remoteExtensionHostProcess.js:723:970)
	at Object.registerCommand (/home/ubuntu/.vscode-server/bin/ea3859d4ba2f3e577a159bc91e3074c5d85c0523/out/vs/server/remoteExtensionHostProcess.js:1044:634)
	at Object.t.registerCommand (/home/ubuntu/.vscode-server/extensions/ms-vscode.js-debug-nightly-2021.1.417/src/extension.js:1:37024)
	at t.activate (/home/ubuntu/.vscode-server/extensions/ms-vscode.js-debug-nightly-2021.1.417/src/extension.js:7:327030)
	at Function._callActivateOptional (/home/ubuntu/.vscode-server/bin/ea3859d4ba2f3e577a159bc91e3074c5d85c0523/out/vs/server/remoteExtensionHostProcess.js:984:773)
	at Function._callActivate (/home/ubuntu/.vscode-server/bin/ea3859d4ba2f3e577a159bc91e3074c5d85c0523/out/vs/server/remoteExtensionHostProcess.js:984:424)
	at /home/ubuntu/.vscode-server/bin/ea3859d4ba2f3e577a159bc91e3074c5d85c0523/out/vs/server/remoteExtensionHostProcess.js:982:841
	at processTicksAndRejections (internal/process/task_queues.js:94:5)
	at async Promise.all (index 0)
	at async p.$activate (/home/ubuntu/.vscode-server/bin/ea3859d4ba2f3e577a159bc91e3074c5d85c0523/out/vs/server/remoteExtensionHostProcess.js:989:249)
[2021-01-07 06:36:41.377] [exthost] [info] ExtensionService#_doActivateExtension vscode.extension-editing {"startup":false,"extensionId":{"value":"vscode.extension-editing","_lower":"vscode.extension-editing"},"activationEvent":"onLanguage:json"}
[2021-01-07 06:36:41.377] [exthost] [info] ExtensionService#loadCommonJSModule file:///home/ubuntu/.vscode-server/bin/ea3859d4ba2f3e577a159bc91e3074c5d85c0523/extensions/extension-editing/dist/extensionEditingMain
[2021-01-07 06:36:41.387] [exthost] [info] ExtensionService#_doActivateExtension vscode.npm {"startup":false,"extensionId":{"value":"vscode.npm","_lower":"vscode.npm"},"activationEvent":"onLanguage:json"}
[2021-01-07 06:36:41.387] [exthost] [info] ExtensionService#loadCommonJSModule file:///home/ubuntu/.vscode-server/bin/ea3859d4ba2f3e577a159bc91e3074c5d85c0523/extensions/npm/dist/npmMain
[2021-01-07 06:36:41.409] [exthost] [info] ExtensionService#_doActivateExtension mongodb.mongodb-vscode {"startup":false,"extensionId":{"value":"mongodb.mongodb-vscode","_lower":"mongodb.mongodb-vscode"},"activationEvent":"onLanguage:json"}
[2021-01-07 06:36:41.409] [exthost] [info] ExtensionService#loadCommonJSModule file:///home/ubuntu/.vscode-server/extensions/mongodb.mongodb-vscode-0.3.0/dist/extension.js
[2021-01-07 06:36:45.492] [exthost] [info] ExtensionService#_doActivateExtension chenxsan.vscode-standardjs {"startup":false,"extensionId":{"value":"chenxsan.vscode-standardjs","_lower":"chenxsan.vscode-standardjs"},"activationEvent":"*"}
[2021-01-07 06:36:45.492] [exthost] [info] ExtensionService#loadCommonJSModule file:///home/ubuntu/.vscode-server/extensions/chenxsan.vscode-standardjs-1.4.0/client/out/extension
[2021-01-07 06:36:49.192] [exthost] [info] ExtensionService#_doActivateExtension Wscats.eno {"startup":false,"extensionId":{"value":"Wscats.eno","_lower":"wscats.eno"},"activationEvent":"onLanguage:javascript"}
[2021-01-07 06:36:49.192] [exthost] [info] ExtensionService#loadCommonJSModule file:///home/ubuntu/.vscode-server/extensions/wscats.eno-2.3.53/out/extension.js
